<?xml version="1.0" encoding="UTF-8"?>
<coverage generated="1771501178599" clover="3.2.0">
  <project timestamp="1771501178599" name="All files">
    <metrics statements="617" coveredstatements="557" conditionals="249" coveredconditionals="204" methods="152" coveredmethods="133" elements="1018" coveredelements="894" complexity="0" loc="617" ncloc="617" packages="7" files="29" classes="29"/>
    <package name="lib">
      <metrics statements="241" coveredstatements="216" conditionals="94" coveredconditionals="72" methods="45" coveredmethods="45"/>
      <file name="constants.ts" path="/Users/alex_cryp/Desktop/Projects/nestjs-iacry/lib/constants.ts">
        <metrics statements="9" coveredstatements="9" conditionals="0" coveredconditionals="0" methods="0" coveredmethods="0"/>
        <line num="2" count="3" type="stmt"/>
        <line num="3" count="3" type="stmt"/>
        <line num="4" count="3" type="stmt"/>
        <line num="5" count="3" type="stmt"/>
        <line num="6" count="3" type="stmt"/>
        <line num="7" count="3" type="stmt"/>
        <line num="8" count="3" type="stmt"/>
        <line num="9" count="3" type="stmt"/>
        <line num="10" count="3" type="stmt"/>
      </file>
      <file name="firewall.ts" path="/Users/alex_cryp/Desktop/Projects/nestjs-iacry/lib/firewall.ts">
        <metrics statements="22" coveredstatements="22" conditionals="6" coveredconditionals="6" methods="6" coveredmethods="6"/>
        <line num="2" count="4" type="stmt"/>
        <line num="3" count="4" type="stmt"/>
        <line num="4" count="4" type="stmt"/>
        <line num="5" count="4" type="stmt"/>
        <line num="6" count="4" type="stmt"/>
        <line num="7" count="4" type="stmt"/>
        <line num="8" count="4" type="stmt"/>
        <line num="11" count="20" type="stmt"/>
        <line num="12" count="20" type="stmt"/>
        <line num="13" count="20" type="stmt"/>
        <line num="16" count="20" type="cond" truecount="4" falsecount="0"/>
        <line num="19" count="7" type="stmt"/>
        <line num="20" count="7" type="cond" truecount="2" falsecount="0"/>
        <line num="23" count="3" type="stmt"/>
        <line num="24" count="3" type="stmt"/>
        <line num="27" count="3" type="stmt"/>
        <line num="28" count="3" type="stmt"/>
        <line num="31" count="13" type="stmt"/>
        <line num="32" count="13" type="stmt"/>
        <line num="33" count="13" type="stmt"/>
        <line num="34" count="13" type="stmt"/>
        <line num="37" count="4" type="stmt"/>
      </file>
      <file name="iacry.module.ts" path="/Users/alex_cryp/Desktop/Projects/nestjs-iacry/lib/iacry.module.ts">
        <metrics statements="21" coveredstatements="21" conditionals="8" coveredconditionals="8" methods="5" coveredmethods="5"/>
        <line num="3" count="1" type="stmt"/>
        <line num="4" count="1" type="stmt"/>
        <line num="5" count="1" type="stmt"/>
        <line num="6" count="1" type="stmt"/>
        <line num="7" count="1" type="stmt"/>
        <line num="8" count="1" type="stmt"/>
        <line num="9" count="1" type="stmt"/>
        <line num="11" count="4" type="stmt"/>
        <line num="15" count="4" type="stmt"/>
        <line num="22" count="2" type="stmt"/>
        <line num="23" count="2" type="stmt"/>
        <line num="31" count="2" type="stmt"/>
        <line num="32" count="2" type="cond" truecount="2" falsecount="0"/>
        <line num="33" count="1" type="stmt"/>
        <line num="38" count="2" type="stmt"/>
        <line num="41" count="2" type="cond" truecount="2" falsecount="0"/>
        <line num="42" count="1" type="stmt"/>
        <line num="48" count="1" type="stmt"/>
        <line num="51" count="1" type="stmt"/>
        <line num="57" count="1" type="stmt"/>
        <line num="58" count="1" type="stmt"/>
      </file>
      <file name="iacry.service.ts" path="/Users/alex_cryp/Desktop/Projects/nestjs-iacry/lib/iacry.service.ts">
        <metrics statements="50" coveredstatements="33" conditionals="21" coveredconditionals="10" methods="3" coveredmethods="3"/>
        <line num="2" count="3" type="stmt"/>
        <line num="3" count="3" type="stmt"/>
        <line num="4" count="3" type="stmt"/>
        <line num="5" count="3" type="stmt"/>
        <line num="6" count="3" type="stmt"/>
        <line num="7" count="3" type="stmt"/>
        <line num="8" count="3" type="stmt"/>
        <line num="9" count="3" type="stmt"/>
        <line num="10" count="3" type="stmt"/>
        <line num="11" count="3" type="stmt"/>
        <line num="12" count="3" type="stmt"/>
        <line num="13" count="3" type="stmt"/>
        <line num="14" count="3" type="stmt"/>
        <line num="15" count="3" type="stmt"/>
        <line num="16" count="3" type="stmt"/>
        <line num="17" count="3" type="stmt"/>
        <line num="18" count="3" type="stmt"/>
        <line num="20" count="14" type="stmt"/>
        <line num="21" count="14" type="stmt"/>
        <line num="22" count="14" type="stmt"/>
        <line num="35" count="8" type="cond" truecount="4" falsecount="0"/>
        <line num="39" count="7" type="stmt"/>
        <line num="41" count="1" type="stmt"/>
        <line num="43" count="7" type="stmt"/>
        <line num="44" count="7" type="stmt"/>
        <line num="45" count="7" type="stmt"/>
        <line num="49" count="14" type="cond" truecount="1" falsecount="1"/>
        <line num="50" count="0" type="cond" truecount="0" falsecount="2"/>
        <line num="52" count="0" type="cond" truecount="0" falsecount="3"/>
        <line num="54" count="0" type="stmt"/>
        <line num="55" count="0" type="stmt"/>
        <line num="57" count="0" type="stmt"/>
        <line num="58" count="0" type="stmt"/>
        <line num="60" count="0" type="stmt"/>
        <line num="62" count="0" type="stmt"/>
        <line num="64" count="0" type="stmt"/>
        <line num="68" count="14" type="cond" truecount="2" falsecount="0"/>
        <line num="69" count="12" type="stmt"/>
        <line num="71" count="14" type="cond" truecount="1" falsecount="1"/>
        <line num="73" count="0" type="cond" truecount="0" falsecount="2"/>
        <line num="75" count="0" type="cond" truecount="0" falsecount="2"/>
        <line num="77" count="0" type="stmt"/>
        <line num="78" count="0" type="stmt"/>
        <line num="80" count="0" type="stmt"/>
        <line num="82" count="0" type="stmt"/>
        <line num="84" count="0" type="stmt"/>
        <line num="86" count="0" type="stmt"/>
        <line num="88" count="14" type="stmt"/>
        <line num="91" count="3" type="stmt"/>
        <line num="92" count="3" type="stmt"/>
      </file>
      <file name="matcher.ts" path="/Users/alex_cryp/Desktop/Projects/nestjs-iacry/lib/matcher.ts">
        <metrics statements="36" coveredstatements="36" conditionals="18" coveredconditionals="17" methods="8" coveredmethods="8"/>
        <line num="2" count="5" type="stmt"/>
        <line num="3" count="5" type="stmt"/>
        <line num="4" count="5" type="stmt"/>
        <line num="5" count="5" type="stmt"/>
        <line num="6" count="5" type="stmt"/>
        <line num="7" count="5" type="stmt"/>
        <line num="10" count="25" type="stmt"/>
        <line num="11" count="25" type="stmt"/>
        <line num="14" count="18" type="stmt"/>
        <line num="15" count="18" type="stmt"/>
        <line num="16" count="18" type="stmt"/>
        <line num="17" count="18" type="stmt"/>
        <line num="22" count="18" type="stmt"/>
        <line num="23" count="33" type="stmt"/>
        <line num="24" count="33" type="stmt"/>
        <line num="25" count="33" type="stmt"/>
        <line num="26" count="33" type="cond" truecount="5" falsecount="0"/>
        <line num="27" count="20" type="cond" truecount="3" falsecount="0"/>
        <line num="29" count="12" type="stmt"/>
        <line num="30" count="12" type="stmt"/>
        <line num="33" count="8" type="stmt"/>
        <line num="37" count="13" type="stmt"/>
        <line num="40" count="18" type="stmt"/>
        <line num="44" count="99" type="cond" truecount="2" falsecount="0"/>
        <line num="45" count="34" type="stmt"/>
        <line num="47" count="65" type="stmt"/>
        <line num="48" count="66" type="stmt"/>
        <line num="53" count="66" type="stmt"/>
        <line num="54" count="66" type="stmt"/>
        <line num="55" count="132" type="stmt"/>
        <line num="59" count="132" type="cond" truecount="2" falsecount="0"/>
        <line num="62" count="328" type="stmt"/>
        <line num="63" count="328" type="cond" truecount="1" falsecount="1"/>
        <line num="64" count="328" type="stmt"/>
        <line num="66" count="328" type="cond" truecount="2" falsecount="0"/>
        <line num="69" count="5" type="stmt"/>
      </file>
      <file name="policy-vector.ts" path="/Users/alex_cryp/Desktop/Projects/nestjs-iacry/lib/policy-vector.ts">
        <metrics statements="15" coveredstatements="15" conditionals="2" coveredconditionals="2" methods="4" coveredmethods="4"/>
        <line num="2" count="6" type="stmt"/>
        <line num="3" count="6" type="stmt"/>
        <line num="4" count="6" type="stmt"/>
        <line num="7" count="19" type="stmt"/>
        <line num="8" count="19" type="stmt"/>
        <line num="9" count="19" type="stmt"/>
        <line num="13" count="19" type="stmt"/>
        <line num="16" count="3" type="stmt"/>
        <line num="19" count="19" type="stmt"/>
        <line num="20" count="19" type="stmt"/>
        <line num="21" count="36" type="cond" truecount="2" falsecount="0"/>
        <line num="22" count="1" type="stmt"/>
        <line num="25" count="35" type="stmt"/>
        <line num="28" count="19" type="stmt"/>
        <line num="31" count="6" type="stmt"/>
      </file>
      <file name="policy.manager.ts" path="/Users/alex_cryp/Desktop/Projects/nestjs-iacry/lib/policy.manager.ts">
        <metrics statements="25" coveredstatements="25" conditionals="8" coveredconditionals="6" methods="10" coveredmethods="10"/>
        <line num="2" count="4" type="stmt"/>
        <line num="3" count="4" type="stmt"/>
        <line num="4" count="4" type="stmt"/>
        <line num="5" count="4" type="stmt"/>
        <line num="8" count="24" type="stmt"/>
        <line num="9" count="24" type="stmt"/>
        <line num="12" count="1" type="stmt"/>
        <line num="13" count="1" type="stmt"/>
        <line num="24" count="3" type="stmt"/>
        <line num="25" count="3" type="stmt"/>
        <line num="36" count="2" type="stmt"/>
        <line num="37" count="2" type="cond" truecount="2" falsecount="0"/>
        <line num="47" count="2" type="stmt"/>
        <line num="48" count="2" type="stmt"/>
        <line num="49" count="2" type="cond" truecount="2" falsecount="0"/>
        <line num="58" count="1" type="stmt"/>
        <line num="59" count="1" type="stmt"/>
        <line num="60" count="1" type="cond" truecount="1" falsecount="1"/>
        <line num="70" count="1" type="stmt"/>
        <line num="71" count="1" type="stmt"/>
        <line num="91" count="1" type="stmt"/>
        <line num="92" count="1" type="stmt"/>
        <line num="93" count="1" type="stmt"/>
        <line num="100" count="1" type="stmt"/>
        <line num="103" count="4" type="stmt"/>
      </file>
      <file name="policy.ts" path="/Users/alex_cryp/Desktop/Projects/nestjs-iacry/lib/policy.ts">
        <metrics statements="63" coveredstatements="55" conditionals="31" coveredconditionals="23" methods="9" coveredmethods="9"/>
        <line num="2" count="7" type="stmt"/>
        <line num="3" count="7" type="stmt"/>
        <line num="4" count="7" type="stmt"/>
        <line num="5" count="7" type="stmt"/>
        <line num="6" count="7" type="stmt"/>
        <line num="7" count="7" type="stmt"/>
        <line num="8" count="7" type="stmt"/>
        <line num="14" count="42" type="stmt"/>
        <line num="15" count="42" type="stmt"/>
        <line num="16" count="42" type="cond" truecount="2" falsecount="0"/>
        <line num="17" count="2" type="stmt"/>
        <line num="20" count="40" type="stmt"/>
        <line num="22" count="42" type="stmt"/>
        <line num="23" count="42" type="stmt"/>
        <line num="24" count="41" type="stmt"/>
        <line num="27" count="101" type="cond" truecount="1" falsecount="1"/>
        <line num="28" count="101" type="cond" truecount="2" falsecount="0"/>
        <line num="29" count="100" type="cond" truecount="2" falsecount="0"/>
        <line num="31" count="35" type="stmt"/>
        <line num="33" count="65" type="stmt"/>
        <line num="35" count="1" type="stmt"/>
        <line num="36" count="2" type="stmt"/>
        <line num="38" count="0" type="stmt"/>
        <line num="41" count="22" type="stmt"/>
        <line num="42" count="22" type="stmt"/>
        <line num="43" count="22" type="cond" truecount="2" falsecount="0"/>
        <line num="44" count="1" type="stmt"/>
        <line num="47" count="21" type="stmt"/>
        <line num="49" count="22" type="stmt"/>
        <line num="52" count="1" type="stmt"/>
        <line num="53" count="3" type="cond" truecount="1" falsecount="1"/>
        <line num="54" count="0" type="stmt"/>
        <line num="55" count="0" type="cond" truecount="0" falsecount="2"/>
        <line num="56" count="0" type="stmt"/>
        <line num="58" count="0" type="stmt"/>
        <line num="60" count="0" type="stmt"/>
        <line num="62" count="3" type="cond" truecount="1" falsecount="1"/>
        <line num="63" count="3" type="stmt"/>
        <line num="68" count="21" type="stmt"/>
        <line num="69" count="63" type="cond" truecount="2" falsecount="0"/>
        <line num="70" count="1" type="stmt"/>
        <line num="71" count="2" type="cond" truecount="1" falsecount="1"/>
        <line num="72" count="2" type="stmt"/>
        <line num="74" count="2" type="stmt"/>
        <line num="76" count="1" type="stmt"/>
        <line num="78" count="62" type="cond" truecount="2" falsecount="0"/>
        <line num="79" count="35" type="stmt"/>
        <line num="84" count="42" type="stmt"/>
        <line num="85" count="42" type="stmt"/>
        <line num="86" count="126" type="cond" truecount="2" falsecount="0"/>
        <line num="87" count="46" type="stmt"/>
        <line num="89" count="80" type="cond" truecount="2" falsecount="0"/>
        <line num="90" count="1" type="stmt"/>
        <line num="91" count="2" type="cond" truecount="1" falsecount="1"/>
        <line num="92" count="0" type="stmt"/>
        <line num="94" count="2" type="stmt"/>
        <line num="97" count="2" type="stmt"/>
        <line num="101" count="1" type="stmt"/>
        <line num="103" count="79" type="cond" truecount="1" falsecount="1"/>
        <line num="104" count="0" type="stmt"/>
        <line num="106" count="79" type="stmt"/>
        <line num="109" count="68" type="stmt"/>
        <line num="115" count="7" type="stmt"/>
      </file>
    </package>
    <package name="lib.decorators">
      <metrics statements="127" coveredstatements="122" conditionals="65" coveredconditionals="57" methods="22" coveredmethods="21"/>
      <file name="action.ts" path="/Users/alex_cryp/Desktop/Projects/nestjs-iacry/lib/decorators/action.ts">
        <metrics statements="15" coveredstatements="15" conditionals="8" coveredconditionals="7" methods="4" coveredmethods="4"/>
        <line num="2" count="2" type="stmt"/>
        <line num="3" count="2" type="stmt"/>
        <line num="4" count="2" type="stmt"/>
        <line num="5" count="2" type="stmt"/>
        <line num="6" count="2" type="stmt"/>
        <line num="7" count="2" type="stmt"/>
        <line num="8" count="2" type="stmt"/>
        <line num="10" count="5" type="cond" truecount="4" falsecount="0"/>
        <line num="11" count="2" type="stmt"/>
        <line num="13" count="3" type="stmt"/>
        <line num="17" count="3" type="stmt"/>
        <line num="19" count="6" type="stmt"/>
        <line num="29" count="6" type="stmt"/>
        <line num="30" count="6" type="cond" truecount="2" falsecount="0"/>
        <line num="31" count="6" type="stmt"/>
      </file>
      <file name="constants.ts" path="/Users/alex_cryp/Desktop/Projects/nestjs-iacry/lib/decorators/constants.ts">
        <metrics statements="13" coveredstatements="13" conditionals="0" coveredconditionals="0" methods="0" coveredmethods="0"/>
        <line num="2" count="16" type="stmt"/>
        <line num="3" count="16" type="stmt"/>
        <line num="4" count="16" type="stmt"/>
        <line num="5" count="16" type="stmt"/>
        <line num="6" count="16" type="stmt"/>
        <line num="7" count="16" type="stmt"/>
        <line num="8" count="16" type="stmt"/>
        <line num="9" count="16" type="stmt"/>
        <line num="10" count="16" type="stmt"/>
        <line num="11" count="16" type="stmt"/>
        <line num="12" count="16" type="stmt"/>
        <line num="13" count="16" type="stmt"/>
        <line num="14" count="16" type="stmt"/>
      </file>
      <file name="entity.ts" path="/Users/alex_cryp/Desktop/Projects/nestjs-iacry/lib/decorators/entity.ts">
        <metrics statements="21" coveredstatements="19" conditionals="28" coveredconditionals="27" methods="8" coveredmethods="7"/>
        <line num="2" count="16" type="stmt"/>
        <line num="3" count="16" type="stmt"/>
        <line num="4" count="16" type="stmt"/>
        <line num="5" count="16" type="stmt"/>
        <line num="6" count="16" type="stmt"/>
        <line num="7" count="16" type="stmt"/>
        <line num="8" count="16" type="stmt"/>
        <line num="9" count="16" type="stmt"/>
        <line num="11" count="45" type="cond" truecount="8" falsecount="0"/>
        <line num="22" count="4" type="cond" truecount="2" falsecount="0"/>
        <line num="23" count="2" type="stmt"/>
        <line num="25" count="2" type="stmt"/>
        <line num="31" count="1" type="stmt"/>
        <line num="32" count="1" type="stmt"/>
        <line num="42" count="9" type="stmt"/>
        <line num="43" count="9" type="cond" truecount="5" falsecount="1"/>
        <line num="44" count="0" type="stmt"/>
        <line num="47" count="9" type="stmt"/>
        <line num="48" count="0" type="stmt"/>
        <line num="50" count="9" type="cond" truecount="4" falsecount="0"/>
        <line num="55" count="9" type="cond" truecount="4" falsecount="0"/>
      </file>
      <file name="firewall.guard.ts" path="/Users/alex_cryp/Desktop/Projects/nestjs-iacry/lib/decorators/firewall.guard.ts">
        <metrics statements="19" coveredstatements="18" conditionals="6" coveredconditionals="4" methods="2" coveredmethods="2"/>
        <line num="2" count="1" type="stmt"/>
        <line num="3" count="1" type="stmt"/>
        <line num="4" count="1" type="stmt"/>
        <line num="5" count="1" type="stmt"/>
        <line num="6" count="1" type="stmt"/>
        <line num="7" count="1" type="stmt"/>
        <line num="8" count="1" type="stmt"/>
        <line num="9" count="1" type="stmt"/>
        <line num="10" count="1" type="stmt"/>
        <line num="21" count="1" type="stmt"/>
        <line num="23" count="4" type="stmt"/>
        <line num="26" count="2" type="stmt"/>
        <line num="27" count="2" type="stmt"/>
        <line num="28" count="2" type="stmt"/>
        <line num="29" count="2" type="cond" truecount="3" falsecount="1"/>
        <line num="30" count="0" type="stmt"/>
        <line num="32" count="2" type="cond" truecount="1" falsecount="1"/>
        <line num="35" count="1" type="stmt"/>
        <line num="36" count="1" type="stmt"/>
      </file>
      <file name="firewall.ts" path="/Users/alex_cryp/Desktop/Projects/nestjs-iacry/lib/decorators/firewall.ts">
        <metrics statements="7" coveredstatements="7" conditionals="3" coveredconditionals="1" methods="1" coveredmethods="1"/>
        <line num="2" count="1" type="stmt"/>
        <line num="3" count="1" type="stmt"/>
        <line num="4" count="1" type="stmt"/>
        <line num="5" count="1" type="stmt"/>
        <line num="6" count="1" type="stmt"/>
        <line num="7" count="1" type="stmt"/>
        <line num="17" count="1" type="cond" truecount="1" falsecount="1"/>
      </file>
      <file name="helper.ts" path="/Users/alex_cryp/Desktop/Projects/nestjs-iacry/lib/decorators/helper.ts">
        <metrics statements="34" coveredstatements="32" conditionals="18" coveredconditionals="16" methods="3" coveredmethods="3"/>
        <line num="2" count="5" type="stmt"/>
        <line num="3" count="5" type="stmt"/>
        <line num="4" count="5" type="stmt"/>
        <line num="5" count="5" type="stmt"/>
        <line num="6" count="5" type="stmt"/>
        <line num="7" count="5" type="stmt"/>
        <line num="8" count="5" type="stmt"/>
        <line num="9" count="5" type="stmt"/>
        <line num="12" count="17" type="stmt"/>
        <line num="14" count="14" type="cond" truecount="1" falsecount="1"/>
        <line num="15" count="0" type="stmt"/>
        <line num="18" count="14" type="stmt"/>
        <line num="19" count="14" type="stmt"/>
        <line num="20" count="14" type="cond" truecount="2" falsecount="0"/>
        <line num="21" count="2" type="stmt"/>
        <line num="23" count="12" type="stmt"/>
        <line num="24" count="12" type="cond" truecount="1" falsecount="1"/>
        <line num="25" count="0" type="stmt"/>
        <line num="27" count="12" type="stmt"/>
        <line num="29" count="15" type="stmt"/>
        <line num="32" count="12" type="stmt"/>
        <line num="33" count="23" type="cond" truecount="2" falsecount="0"/>
        <line num="34" count="4" type="stmt"/>
        <line num="36" count="19" type="cond" truecount="2" falsecount="0"/>
        <line num="37" count="19" type="stmt"/>
        <line num="38" count="19" type="cond" truecount="2" falsecount="0"/>
        <line num="39" count="6" type="stmt"/>
        <line num="41" count="19" type="cond" truecount="4" falsecount="0"/>
        <line num="42" count="8" type="stmt"/>
        <line num="46" count="11" type="stmt"/>
        <line num="47" count="11" type="stmt"/>
        <line num="48" count="11" type="cond" truecount="2" falsecount="0"/>
        <line num="49" count="1" type="stmt"/>
        <line num="51" count="11" type="stmt"/>
      </file>
      <file name="principal.ts" path="/Users/alex_cryp/Desktop/Projects/nestjs-iacry/lib/decorators/principal.ts">
        <metrics statements="9" coveredstatements="9" conditionals="2" coveredconditionals="2" methods="2" coveredmethods="2"/>
        <line num="2" count="2" type="stmt"/>
        <line num="3" count="2" type="stmt"/>
        <line num="4" count="2" type="stmt"/>
        <line num="5" count="2" type="stmt"/>
        <line num="6" count="2" type="stmt"/>
        <line num="7" count="2" type="stmt"/>
        <line num="14" count="5" type="stmt"/>
        <line num="15" count="5" type="cond" truecount="2" falsecount="0"/>
        <line num="16" count="5" type="stmt"/>
      </file>
      <file name="resource.ts" path="/Users/alex_cryp/Desktop/Projects/nestjs-iacry/lib/decorators/resource.ts">
        <metrics statements="9" coveredstatements="9" conditionals="0" coveredconditionals="0" methods="2" coveredmethods="2"/>
        <line num="2" count="2" type="stmt"/>
        <line num="3" count="2" type="stmt"/>
        <line num="4" count="2" type="stmt"/>
        <line num="5" count="2" type="stmt"/>
        <line num="6" count="2" type="stmt"/>
        <line num="7" count="2" type="stmt"/>
        <line num="13" count="5" type="stmt"/>
        <line num="14" count="5" type="stmt"/>
        <line num="15" count="5" type="stmt"/>
      </file>
    </package>
    <package name="lib.errors">
      <metrics statements="27" coveredstatements="27" conditionals="4" coveredconditionals="4" methods="3" coveredmethods="3"/>
      <file name="decorator.error.ts" path="/Users/alex_cryp/Desktop/Projects/nestjs-iacry/lib/errors/decorator.error.ts">
        <metrics statements="4" coveredstatements="4" conditionals="0" coveredconditionals="0" methods="0" coveredmethods="0"/>
        <line num="2" count="16" type="stmt"/>
        <line num="3" count="16" type="stmt"/>
        <line num="4" count="16" type="stmt"/>
        <line num="7" count="16" type="stmt"/>
      </file>
      <file name="iacry.error.ts" path="/Users/alex_cryp/Desktop/Projects/nestjs-iacry/lib/errors/iacry.error.ts">
        <metrics statements="3" coveredstatements="3" conditionals="0" coveredconditionals="0" methods="0" coveredmethods="0"/>
        <line num="2" count="18" type="stmt"/>
        <line num="3" count="18" type="stmt"/>
        <line num="6" count="18" type="stmt"/>
      </file>
      <file name="missing-policy-props.error.ts" path="/Users/alex_cryp/Desktop/Projects/nestjs-iacry/lib/errors/missing-policy-props.error.ts">
        <metrics statements="13" coveredstatements="13" conditionals="4" coveredconditionals="4" methods="2" coveredmethods="2"/>
        <line num="2" count="8" type="stmt"/>
        <line num="3" count="8" type="stmt"/>
        <line num="4" count="8" type="stmt"/>
        <line num="5" count="8" type="stmt"/>
        <line num="6" count="8" type="stmt"/>
        <line num="9" count="4" type="stmt"/>
        <line num="12" count="45" type="stmt"/>
        <line num="13" count="45" type="stmt"/>
        <line num="14" count="90" type="cond" truecount="2" falsecount="0"/>
        <line num="15" count="3" type="stmt"/>
        <line num="18" count="45" type="cond" truecount="2" falsecount="0"/>
        <line num="19" count="3" type="stmt"/>
        <line num="23" count="8" type="stmt"/>
      </file>
      <file name="wrong-policy-prop-format.error.ts" path="/Users/alex_cryp/Desktop/Projects/nestjs-iacry/lib/errors/wrong-policy-prop-format.error.ts">
        <metrics statements="7" coveredstatements="7" conditionals="0" coveredconditionals="0" methods="1" coveredmethods="1"/>
        <line num="2" count="11" type="stmt"/>
        <line num="3" count="11" type="stmt"/>
        <line num="4" count="11" type="stmt"/>
        <line num="5" count="11" type="stmt"/>
        <line num="6" count="11" type="stmt"/>
        <line num="9" count="2" type="stmt"/>
        <line num="12" count="11" type="stmt"/>
      </file>
    </package>
    <package name="lib.helpers">
      <metrics statements="29" coveredstatements="29" conditionals="18" coveredconditionals="17" methods="9" coveredmethods="9"/>
      <file name="core.ts" path="/Users/alex_cryp/Desktop/Projects/nestjs-iacry/lib/helpers/core.ts">
        <metrics statements="29" coveredstatements="29" conditionals="18" coveredconditionals="17" methods="9" coveredmethods="9"/>
        <line num="2" count="11" type="stmt"/>
        <line num="3" count="11" type="stmt"/>
        <line num="4" count="11" type="stmt"/>
        <line num="5" count="11" type="stmt"/>
        <line num="6" count="11" type="stmt"/>
        <line num="9" count="17" type="cond" truecount="2" falsecount="0"/>
        <line num="14" count="5" type="stmt"/>
        <line num="17" count="251" type="stmt"/>
        <line num="20" count="251" type="cond" truecount="3" falsecount="0"/>
        <line num="26" count="129" type="stmt"/>
        <line num="27" count="129" type="stmt"/>
        <line num="29" count="227" type="stmt"/>
        <line num="30" count="227" type="cond" truecount="2" falsecount="0"/>
        <line num="31" count="129" type="cond" truecount="2" falsecount="0"/>
        <line num="32" count="1" type="stmt"/>
        <line num="34" count="128" type="cond" truecount="2" falsecount="0"/>
        <line num="36" count="32" type="stmt"/>
        <line num="41" count="128" type="stmt"/>
        <line num="42" count="128" type="stmt"/>
        <line num="43" count="256" type="stmt"/>
        <line num="44" count="256" type="stmt"/>
        <line num="45" count="256" type="stmt"/>
        <line num="47" count="128" type="stmt"/>
        <line num="50" count="78" type="cond" truecount="2" falsecount="0"/>
        <line num="51" count="54" type="stmt"/>
        <line num="53" count="24" type="stmt"/>
        <line num="56" count="25" type="cond" truecount="1" falsecount="1"/>
        <line num="63" count="11" type="stmt"/>
        <line num="64" count="11" type="stmt"/>
      </file>
    </package>
    <package name="lib.interfaces">
      <metrics statements="16" coveredstatements="16" conditionals="2" coveredconditionals="2" methods="1" coveredmethods="1"/>
      <file name="policy.ts" path="/Users/alex_cryp/Desktop/Projects/nestjs-iacry/lib/interfaces/policy.ts">
        <metrics statements="16" coveredstatements="16" conditionals="2" coveredconditionals="2" methods="1" coveredmethods="1"/>
        <line num="2" count="19" type="stmt"/>
        <line num="3" count="19" type="stmt"/>
        <line num="4" count="19" type="stmt"/>
        <line num="5" count="19" type="stmt"/>
        <line num="6" count="19" type="stmt"/>
        <line num="7" count="19" type="stmt"/>
        <line num="8" count="19" type="stmt"/>
        <line num="9" count="19" type="stmt"/>
        <line num="10" count="19" type="stmt"/>
        <line num="11" count="19" type="stmt"/>
        <line num="12" count="19" type="stmt"/>
        <line num="17" count="19" type="stmt"/>
        <line num="18" count="19" type="stmt"/>
        <line num="20" count="19" type="stmt"/>
        <line num="21" count="19" type="stmt"/>
        <line num="22" count="19" type="stmt"/>
      </file>
    </package>
    <package name="lib.storages">
      <metrics statements="161" coveredstatements="140" conditionals="64" coveredconditionals="52" methods="67" coveredmethods="54"/>
      <file name="cached.storage.ts" path="/Users/alex_cryp/Desktop/Projects/nestjs-iacry/lib/storages/cached.storage.ts">
        <metrics statements="42" coveredstatements="40" conditionals="18" coveredconditionals="15" methods="11" coveredmethods="11"/>
        <line num="2" count="4" type="stmt"/>
        <line num="3" count="4" type="stmt"/>
        <line num="4" count="4" type="stmt"/>
        <line num="7" count="12" type="stmt"/>
        <line num="8" count="12" type="stmt"/>
        <line num="9" count="12" type="stmt"/>
        <line num="10" count="12" type="stmt"/>
        <line num="11" count="12" type="stmt"/>
        <line num="15" count="12" type="cond" truecount="2" falsecount="0"/>
        <line num="16" count="11" type="stmt"/>
        <line num="18" count="12" type="cond" truecount="2" falsecount="0"/>
        <line num="23" count="5" type="stmt"/>
        <line num="24" count="5" type="cond" truecount="2" falsecount="0"/>
        <line num="25" count="1" type="stmt"/>
        <line num="27" count="4" type="stmt"/>
        <line num="28" count="4" type="cond" truecount="2" falsecount="0"/>
        <line num="29" count="2" type="stmt"/>
        <line num="31" count="2" type="stmt"/>
        <line num="34" count="1" type="stmt"/>
        <line num="35" count="1" type="stmt"/>
        <line num="38" count="1" type="stmt"/>
        <line num="39" count="1" type="stmt"/>
        <line num="42" count="1" type="stmt"/>
        <line num="43" count="1" type="stmt"/>
        <line num="46" count="3" type="stmt"/>
        <line num="47" count="3" type="cond" truecount="2" falsecount="0"/>
        <line num="48" count="1" type="stmt"/>
        <line num="50" count="2" type="stmt"/>
        <line num="51" count="2" type="cond" truecount="1" falsecount="1"/>
        <line num="52" count="0" type="stmt"/>
        <line num="54" count="2" type="stmt"/>
        <line num="57" count="1" type="stmt"/>
        <line num="61" count="1" type="stmt"/>
        <line num="64" count="5" type="stmt"/>
        <line num="65" count="5" type="cond" truecount="1" falsecount="1"/>
        <line num="66" count="5" type="cond" truecount="1" falsecount="1"/>
        <line num="67" count="0" type="stmt"/>
        <line num="72" count="6" type="stmt"/>
        <line num="75" count="2" type="stmt"/>
        <line num="78" count="13" type="stmt"/>
        <line num="79" count="13" type="cond" truecount="2" falsecount="0"/>
        <line num="82" count="4" type="stmt"/>
      </file>
      <file name="global.storage.ts" path="/Users/alex_cryp/Desktop/Projects/nestjs-iacry/lib/storages/global.storage.ts">
        <metrics statements="17" coveredstatements="17" conditionals="1" coveredconditionals="1" methods="8" coveredmethods="8"/>
        <line num="2" count="5" type="stmt"/>
        <line num="3" count="5" type="stmt"/>
        <line num="4" count="5" type="stmt"/>
        <line num="7" count="30" type="stmt"/>
        <line num="8" count="30" type="stmt"/>
        <line num="11" count="15" type="stmt"/>
        <line num="14" count="1" type="stmt"/>
        <line num="17" count="7" type="stmt"/>
        <line num="18" count="7" type="stmt"/>
        <line num="21" count="1" type="stmt"/>
        <line num="22" count="1" type="stmt"/>
        <line num="25" count="1" type="stmt"/>
        <line num="26" count="1" type="stmt"/>
        <line num="27" count="1" type="stmt"/>
        <line num="30" count="2" type="stmt"/>
        <line num="33" count="2" type="stmt"/>
        <line num="36" count="5" type="stmt"/>
      </file>
      <file name="multiple.storage.ts" path="/Users/alex_cryp/Desktop/Projects/nestjs-iacry/lib/storages/multiple.storage.ts">
        <metrics statements="31" coveredstatements="28" conditionals="1" coveredconditionals="1" methods="23" coveredmethods="20"/>
        <line num="2" count="4" type="stmt"/>
        <line num="3" count="4" type="stmt"/>
        <line num="6" count="22" type="stmt"/>
        <line num="7" count="22" type="stmt"/>
        <line num="10" count="9" type="stmt"/>
        <line num="11" count="8" type="stmt"/>
        <line num="12" count="1" type="stmt"/>
        <line num="16" count="1" type="stmt"/>
        <line num="17" count="2" type="stmt"/>
        <line num="18" count="1" type="stmt"/>
        <line num="19" count="1" type="stmt"/>
        <line num="20" count="0" type="stmt"/>
        <line num="24" count="1" type="stmt"/>
        <line num="25" count="2" type="stmt"/>
        <line num="26" count="1" type="stmt"/>
        <line num="27" count="1" type="stmt"/>
        <line num="28" count="0" type="stmt"/>
        <line num="32" count="2" type="stmt"/>
        <line num="33" count="4" type="stmt"/>
        <line num="34" count="3" type="stmt"/>
        <line num="35" count="2" type="stmt"/>
        <line num="36" count="1" type="stmt"/>
        <line num="40" count="2" type="stmt"/>
        <line num="41" count="1" type="stmt"/>
        <line num="42" count="1" type="stmt"/>
        <line num="46" count="1" type="stmt"/>
        <line num="47" count="2" type="stmt"/>
        <line num="48" count="1" type="stmt"/>
        <line num="49" count="1" type="stmt"/>
        <line num="50" count="0" type="stmt"/>
        <line num="54" count="4" type="stmt"/>
      </file>
      <file name="sequelize.storage.ts" path="/Users/alex_cryp/Desktop/Projects/nestjs-iacry/lib/storages/sequelize.storage.ts">
        <metrics statements="15" coveredstatements="3" conditionals="6" coveredconditionals="0" methods="9" coveredmethods="0"/>
        <line num="2" count="3" type="stmt"/>
        <line num="3" count="3" type="stmt"/>
        <line num="6" count="0" type="stmt"/>
        <line num="7" count="0" type="stmt"/>
        <line num="10" count="0" type="stmt"/>
        <line num="13" count="0" type="stmt"/>
        <line num="16" count="0" type="stmt"/>
        <line num="20" count="0" type="stmt"/>
        <line num="24" count="0" type="stmt"/>
        <line num="28" count="0" type="stmt"/>
        <line num="31" count="0" type="cond" truecount="0" falsecount="2"/>
        <line num="32" count="0" type="stmt"/>
        <line num="34" count="0" type="stmt"/>
        <line num="37" count="0" type="cond" truecount="0" falsecount="4"/>
        <line num="43" count="3" type="stmt"/>
      </file>
      <file name="typeorm.storage.ts" path="/Users/alex_cryp/Desktop/Projects/nestjs-iacry/lib/storages/typeorm.storage.ts">
        <metrics statements="56" coveredstatements="52" conditionals="38" coveredconditionals="35" methods="16" coveredmethods="15"/>
        <line num="2" count="4" type="stmt"/>
        <line num="3" count="4" type="stmt"/>
        <line num="4" count="4" type="stmt"/>
        <line num="7" count="14" type="stmt"/>
        <line num="8" count="14" type="stmt"/>
        <line num="11" count="2" type="stmt"/>
        <line num="15" count="2" type="stmt"/>
        <line num="18" count="1" type="stmt"/>
        <line num="22" count="1" type="stmt"/>
        <line num="25" count="2" type="stmt"/>
        <line num="26" count="2" type="stmt"/>
        <line num="29" count="3" type="stmt"/>
        <line num="32" count="1" type="stmt"/>
        <line num="33" count="1" type="stmt"/>
        <line num="36" count="2" type="stmt"/>
        <line num="39" count="22" type="cond" truecount="2" falsecount="0"/>
        <line num="40" count="1" type="stmt"/>
        <line num="42" count="21" type="stmt"/>
        <line num="45" count="22" type="cond" truecount="6" falsecount="0"/>
        <line num="53" count="6" type="stmt"/>
        <line num="54" count="7" type="cond" truecount="2" falsecount="0"/>
        <line num="57" count="7" type="stmt"/>
        <line num="64" count="6" type="stmt"/>
        <line num="65" count="6" type="stmt"/>
        <line num="68" count="5" type="stmt"/>
        <line num="69" count="5" type="stmt"/>
        <line num="70" count="5" type="stmt"/>
        <line num="71" count="5" type="cond" truecount="2" falsecount="0"/>
        <line num="72" count="4" type="stmt"/>
        <line num="74" count="5" type="cond" truecount="2" falsecount="0"/>
        <line num="75" count="4" type="stmt"/>
        <line num="77" count="5" type="cond" truecount="2" falsecount="0"/>
        <line num="78" count="1" type="stmt"/>
        <line num="80" count="5" type="cond" truecount="2" falsecount="0"/>
        <line num="81" count="5" type="cond" truecount="2" falsecount="0"/>
        <line num="84" count="3" type="stmt"/>
        <line num="85" count="3" type="stmt"/>
        <line num="87" count="3" type="stmt"/>
        <line num="88" count="3" type="stmt"/>
        <line num="89" count="3" type="cond" truecount="2" falsecount="0"/>
        <line num="90" count="1" type="stmt"/>
        <line num="92" count="3" type="cond" truecount="4" falsecount="0"/>
        <line num="94" count="2" type="stmt"/>
        <line num="95" count="2" type="stmt"/>
        <line num="97" count="1" type="cond" truecount="1" falsecount="1"/>
        <line num="98" count="0" type="stmt"/>
        <line num="99" count="0" type="stmt"/>
        <line num="101" count="1" type="cond" truecount="1" falsecount="1"/>
        <line num="102" count="0" type="stmt"/>
        <line num="103" count="0" type="stmt"/>
        <line num="107" count="1" type="stmt"/>
        <line num="109" count="3" type="stmt"/>
        <line num="112" count="30" type="cond" truecount="4" falsecount="0"/>
        <line num="113" count="4" type="stmt"/>
        <line num="115" count="26" type="cond" truecount="1" falsecount="1"/>
        <line num="118" count="4" type="stmt"/>
      </file>
    </package>
    <package name="lib.storages.cache">
      <metrics statements="16" coveredstatements="7" conditionals="2" coveredconditionals="0" methods="5" coveredmethods="0"/>
      <file name="cache.error.ts" path="/Users/alex_cryp/Desktop/Projects/nestjs-iacry/lib/storages/cache/cache.error.ts">
        <metrics statements="4" coveredstatements="4" conditionals="0" coveredconditionals="0" methods="0" coveredmethods="0"/>
        <line num="2" count="5" type="stmt"/>
        <line num="3" count="5" type="stmt"/>
        <line num="4" count="5" type="stmt"/>
        <line num="7" count="5" type="stmt"/>
      </file>
      <file name="ioredis.ts" path="/Users/alex_cryp/Desktop/Projects/nestjs-iacry/lib/storages/cache/ioredis.ts">
        <metrics statements="12" coveredstatements="3" conditionals="2" coveredconditionals="0" methods="5" coveredmethods="0"/>
        <line num="2" count="3" type="stmt"/>
        <line num="3" count="3" type="stmt"/>
        <line num="6" count="0" type="stmt"/>
        <line num="7" count="0" type="stmt"/>
        <line num="8" count="0" type="stmt"/>
        <line num="11" count="0" type="cond" truecount="0" falsecount="2"/>
        <line num="12" count="0" type="stmt"/>
        <line num="14" count="0" type="stmt"/>
        <line num="17" count="0" type="stmt"/>
        <line num="20" count="0" type="stmt"/>
        <line num="23" count="0" type="stmt"/>
        <line num="26" count="3" type="stmt"/>
      </file>
    </package>
  </project>
</coverage>
