{"/Users/alex_cryp/Desktop/Projects/nestjs-iacry/lib/constants.ts": {"path":"/Users/alex_cryp/Desktop/Projects/nestjs-iacry/lib/constants.ts","statementMap":{"0":{"start":{"line":2,"column":0},"end":{"line":2,"column":62}},"1":{"start":{"line":3,"column":0},"end":{"line":3,"column":185}},"2":{"start":{"line":4,"column":0},"end":{"line":4,"column":40}},"3":{"start":{"line":5,"column":0},"end":{"line":5,"column":40}},"4":{"start":{"line":6,"column":0},"end":{"line":6,"column":36}},"5":{"start":{"line":7,"column":0},"end":{"line":7,"column":34}},"6":{"start":{"line":8,"column":0},"end":{"line":8,"column":33}},"7":{"start":{"line":9,"column":0},"end":{"line":9,"column":40}},"8":{"start":{"line":10,"column":0},"end":{"line":10,"column":50}}},"fnMap":{},"branchMap":{},"s":{"0":3,"1":3,"2":3,"3":3,"4":3,"5":3,"6":3,"7":3,"8":3},"f":{},"b":{},"_coverageSchema":"1a1c01bbd47fc00a2c39e90264f33305004495a9","hash":"4e7ce9af009f1ecb4ee60168a1c3ffe7966ef100"}
,"/Users/alex_cryp/Desktop/Projects/nestjs-iacry/lib/firewall.ts": {"path":"/Users/alex_cryp/Desktop/Projects/nestjs-iacry/lib/firewall.ts","statementMap":{"0":{"start":{"line":2,"column":0},"end":{"line":2,"column":62}},"1":{"start":{"line":3,"column":0},"end":{"line":3,"column":26}},"2":{"start":{"line":4,"column":17},"end":{"line":4,"column":47}},"3":{"start":{"line":5,"column":18},"end":{"line":5,"column":38}},"4":{"start":{"line":6,"column":25},"end":{"line":6,"column":61}},"5":{"start":{"line":7,"column":24},"end":{"line":7,"column":50}},"6":{"start":{"line":8,"column":15},"end":{"line":8,"column":40}},"7":{"start":{"line":11,"column":8},"end":{"line":11,"column":16}},"8":{"start":{"line":12,"column":8},"end":{"line":12,"column":31}},"9":{"start":{"line":13,"column":8},"end":{"line":13,"column":31}},"10":{"start":{"line":16,"column":8},"end":{"line":16,"column":109}},"11":{"start":{"line":19,"column":27},"end":{"line":19,"column":83}},"12":{"start":{"line":20,"column":8},"end":{"line":20,"column":74}},"13":{"start":{"line":23,"column":27},"end":{"line":23,"column":83}},"14":{"start":{"line":24,"column":8},"end":{"line":24,"column":43}},"15":{"start":{"line":27,"column":27},"end":{"line":27,"column":83}},"16":{"start":{"line":28,"column":8},"end":{"line":28,"column":43}},"17":{"start":{"line":31,"column":27},"end":{"line":31,"column":92}},"18":{"start":{"line":32,"column":28},"end":{"line":32,"column":63}},"19":{"start":{"line":33,"column":25},"end":{"line":33,"column":76}},"20":{"start":{"line":34,"column":8},"end":{"line":34,"column":79}},"21":{"start":{"line":37,"column":0},"end":{"line":37,"column":28}}},"fnMap":{"0":{"name":"(anonymous_0)","decl":{"start":{"line":10,"column":4},"end":{"line":10,"column":5}},"loc":{"start":{"line":10,"column":34},"end":{"line":14,"column":5}},"line":10},"1":{"name":"(anonymous_1)","decl":{"start":{"line":15,"column":4},"end":{"line":15,"column":5}},"loc":{"start":{"line":15,"column":36},"end":{"line":17,"column":5}},"line":15},"2":{"name":"(anonymous_2)","decl":{"start":{"line":18,"column":4},"end":{"line":18,"column":5}},"loc":{"start":{"line":18,"column":58},"end":{"line":21,"column":5}},"line":18},"3":{"name":"(anonymous_3)","decl":{"start":{"line":22,"column":4},"end":{"line":22,"column":5}},"loc":{"start":{"line":22,"column":61},"end":{"line":25,"column":5}},"line":22},"4":{"name":"(anonymous_4)","decl":{"start":{"line":26,"column":4},"end":{"line":26,"column":5}},"loc":{"start":{"line":26,"column":66},"end":{"line":29,"column":5}},"line":26},"5":{"name":"(anonymous_5)","decl":{"start":{"line":30,"column":4},"end":{"line":30,"column":5}},"loc":{"start":{"line":30,"column":56},"end":{"line":35,"column":5}},"line":30}},"branchMap":{"0":{"loc":{"start":{"line":16,"column":24},"end":{"line":16,"column":71}},"type":"binary-expr","locations":[{"start":{"line":16,"column":24},"end":{"line":16,"column":31}},{"start":{"line":16,"column":35},"end":{"line":16,"column":71}}],"line":16},"1":{"loc":{"start":{"line":16,"column":73},"end":{"line":16,"column":107}},"type":"binary-expr","locations":[{"start":{"line":16,"column":73},"end":{"line":16,"column":80}},{"start":{"line":16,"column":84},"end":{"line":16,"column":107}}],"line":16},"2":{"loc":{"start":{"line":20,"column":15},"end":{"line":20,"column":73}},"type":"binary-expr","locations":[{"start":{"line":20,"column":15},"end":{"line":20,"column":42}},{"start":{"line":20,"column":46},"end":{"line":20,"column":73}}],"line":20}},"s":{"0":4,"1":4,"2":4,"3":4,"4":4,"5":4,"6":4,"7":20,"8":20,"9":20,"10":20,"11":7,"12":7,"13":3,"14":3,"15":3,"16":3,"17":13,"18":13,"19":13,"20":13,"21":4},"f":{"0":20,"1":20,"2":7,"3":3,"4":3,"5":13},"b":{"0":[20,6],"1":[20,6],"2":[7,5]},"_coverageSchema":"1a1c01bbd47fc00a2c39e90264f33305004495a9","hash":"607edf9dcad469bd9ba7ba8706a8fd652a41d290"}
,"/Users/alex_cryp/Desktop/Projects/nestjs-iacry/lib/iacry.module.ts": {"path":"/Users/alex_cryp/Desktop/Projects/nestjs-iacry/lib/iacry.module.ts","statementMap":{"0":{"start":{"line":3,"column":0},"end":{"line":3,"column":62}},"1":{"start":{"line":4,"column":0},"end":{"line":4,"column":29}},"2":{"start":{"line":5,"column":16},"end":{"line":5,"column":32}},"3":{"start":{"line":6,"column":17},"end":{"line":6,"column":42}},"4":{"start":{"line":7,"column":24},"end":{"line":7,"column":50}},"5":{"start":{"line":8,"column":20},"end":{"line":8,"column":42}},"6":{"start":{"line":9,"column":18},"end":{"line":56,"column":1}},"7":{"start":{"line":11,"column":32},"end":{"line":14,"column":9}},"8":{"start":{"line":15,"column":8},"end":{"line":19,"column":10}},"9":{"start":{"line":22,"column":26},"end":{"line":22,"column":60}},"10":{"start":{"line":23,"column":8},"end":{"line":28,"column":10}},"11":{"start":{"line":31,"column":26},"end":{"line":31,"column":68}},"12":{"start":{"line":32,"column":8},"end":{"line":37,"column":9}},"13":{"start":{"line":33,"column":12},"end":{"line":36,"column":15}},"14":{"start":{"line":38,"column":8},"end":{"line":38,"column":25}},"15":{"start":{"line":41,"column":8},"end":{"line":47,"column":9}},"16":{"start":{"line":42,"column":12},"end":{"line":46,"column":14}},"17":{"start":{"line":48,"column":8},"end":{"line":54,"column":10}},"18":{"start":{"line":51,"column":16},"end":{"line":51,"column":54}},"19":{"start":{"line":57,"column":0},"end":{"line":57,"column":34}},"20":{"start":{"line":58,"column":0},"end":{"line":61,"column":16}}},"fnMap":{"0":{"name":"(anonymous_0)","decl":{"start":{"line":10,"column":4},"end":{"line":10,"column":5}},"loc":{"start":{"line":10,"column":28},"end":{"line":20,"column":5}},"line":10},"1":{"name":"(anonymous_1)","decl":{"start":{"line":21,"column":4},"end":{"line":21,"column":5}},"loc":{"start":{"line":21,"column":33},"end":{"line":29,"column":5}},"line":21},"2":{"name":"(anonymous_2)","decl":{"start":{"line":30,"column":4},"end":{"line":30,"column":5}},"loc":{"start":{"line":30,"column":41},"end":{"line":39,"column":5}},"line":30},"3":{"name":"(anonymous_3)","decl":{"start":{"line":40,"column":4},"end":{"line":40,"column":5}},"loc":{"start":{"line":40,"column":47},"end":{"line":55,"column":5}},"line":40},"4":{"name":"(anonymous_4)","decl":{"start":{"line":50,"column":24},"end":{"line":50,"column":25}},"loc":{"start":{"line":50,"column":50},"end":{"line":52,"column":13}},"line":50}},"branchMap":{"0":{"loc":{"start":{"line":32,"column":8},"end":{"line":37,"column":9}},"type":"if","locations":[{"start":{"line":32,"column":8},"end":{"line":37,"column":9}},{"start":{},"end":{}}],"line":32},"1":{"loc":{"start":{"line":41,"column":8},"end":{"line":47,"column":9}},"type":"if","locations":[{"start":{"line":41,"column":8},"end":{"line":47,"column":9}},{"start":{},"end":{}}],"line":41},"2":{"loc":{"start":{"line":45,"column":24},"end":{"line":45,"column":44}},"type":"binary-expr","locations":[{"start":{"line":45,"column":24},"end":{"line":45,"column":38}},{"start":{"line":45,"column":42},"end":{"line":45,"column":44}}],"line":45},"3":{"loc":{"start":{"line":53,"column":21},"end":{"line":53,"column":60}},"type":"binary-expr","locations":[{"start":{"line":53,"column":21},"end":{"line":53,"column":40}},{"start":{"line":53,"column":44},"end":{"line":53,"column":60}}],"line":53}},"s":{"0":1,"1":1,"2":1,"3":1,"4":1,"5":1,"6":1,"7":4,"8":4,"9":2,"10":2,"11":2,"12":2,"13":1,"14":2,"15":2,"16":1,"17":1,"18":1,"19":1,"20":1},"f":{"0":4,"1":2,"2":2,"3":2,"4":1},"b":{"0":[1,1],"1":[1,1],"2":[1,1],"3":[1,1]},"_coverageSchema":"1a1c01bbd47fc00a2c39e90264f33305004495a9","hash":"f815ff922ccd56dfc443f6b619c845fda58074de"}
,"/Users/alex_cryp/Desktop/Projects/nestjs-iacry/lib/iacry.service.ts": {"path":"/Users/alex_cryp/Desktop/Projects/nestjs-iacry/lib/iacry.service.ts","statementMap":{"0":{"start":{"line":2,"column":0},"end":{"line":2,"column":62}},"1":{"start":{"line":3,"column":0},"end":{"line":3,"column":30}},"2":{"start":{"line":4,"column":16},"end":{"line":4,"column":32}},"3":{"start":{"line":5,"column":17},"end":{"line":5,"column":42}},"4":{"start":{"line":6,"column":19},"end":{"line":6,"column":40}},"5":{"start":{"line":7,"column":28},"end":{"line":7,"column":67}},"6":{"start":{"line":8,"column":26},"end":{"line":8,"column":63}},"7":{"start":{"line":9,"column":27},"end":{"line":9,"column":65}},"8":{"start":{"line":10,"column":25},"end":{"line":10,"column":61}},"9":{"start":{"line":11,"column":22},"end":{"line":11,"column":53}},"10":{"start":{"line":12,"column":18},"end":{"line":12,"column":38}},"11":{"start":{"line":13,"column":20},"end":{"line":13,"column":42}},"12":{"start":{"line":14,"column":15},"end":{"line":14,"column":40}},"13":{"start":{"line":15,"column":18},"end":{"line":15,"column":53}},"14":{"start":{"line":16,"column":25},"end":{"line":16,"column":61}},"15":{"start":{"line":17,"column":25},"end":{"line":17,"column":52}},"16":{"start":{"line":18,"column":19},"end":{"line":90,"column":1}},"17":{"start":{"line":20,"column":8},"end":{"line":20,"column":56}},"18":{"start":{"line":21,"column":8},"end":{"line":21,"column":31}},"19":{"start":{"line":22,"column":8},"end":{"line":22,"column":28}},"20":{"start":{"line":35,"column":8},"end":{"line":42,"column":9}},"21":{"start":{"line":39,"column":16},"end":{"line":39,"column":22}},"22":{"start":{"line":41,"column":16},"end":{"line":41,"column":89}},"23":{"start":{"line":43,"column":26},"end":{"line":43,"column":66}},"24":{"start":{"line":44,"column":27},"end":{"line":44,"column":68}},"25":{"start":{"line":45,"column":8},"end":{"line":45,"column":67}},"26":{"start":{"line":49,"column":8},"end":{"line":66,"column":9}},"27":{"start":{"line":50,"column":12},"end":{"line":65,"column":13}},"28":{"start":{"line":52,"column":20},"end":{"line":61,"column":21}},"29":{"start":{"line":54,"column":28},"end":{"line":54,"column":124}},"30":{"start":{"line":55,"column":28},"end":{"line":55,"column":34}},"31":{"start":{"line":57,"column":28},"end":{"line":57,"column":120}},"32":{"start":{"line":58,"column":28},"end":{"line":58,"column":34}},"33":{"start":{"line":60,"column":28},"end":{"line":60,"column":127}},"34":{"start":{"line":62,"column":20},"end":{"line":62,"column":26}},"35":{"start":{"line":64,"column":20},"end":{"line":64,"column":64}},"36":{"start":{"line":68,"column":8},"end":{"line":70,"column":9}},"37":{"start":{"line":69,"column":12},"end":{"line":69,"column":93}},"38":{"start":{"line":71,"column":8},"end":{"line":87,"column":9}},"39":{"start":{"line":73,"column":12},"end":{"line":85,"column":13}},"40":{"start":{"line":75,"column":20},"end":{"line":81,"column":21}},"41":{"start":{"line":77,"column":28},"end":{"line":77,"column":79}},"42":{"start":{"line":78,"column":28},"end":{"line":78,"column":34}},"43":{"start":{"line":80,"column":28},"end":{"line":80,"column":113}},"44":{"start":{"line":82,"column":20},"end":{"line":82,"column":26}},"45":{"start":{"line":84,"column":20},"end":{"line":84,"column":42}},"46":{"start":{"line":86,"column":12},"end":{"line":86,"column":107}},"47":{"start":{"line":88,"column":8},"end":{"line":88,"column":104}},"48":{"start":{"line":91,"column":0},"end":{"line":91,"column":36}},"49":{"start":{"line":92,"column":0},"end":{"line":96,"column":17}}},"fnMap":{"0":{"name":"(anonymous_0)","decl":{"start":{"line":19,"column":4},"end":{"line":19,"column":5}},"loc":{"start":{"line":19,"column":25},"end":{"line":23,"column":5}},"line":19},"1":{"name":"(anonymous_1)","decl":{"start":{"line":31,"column":4},"end":{"line":31,"column":5}},"loc":{"start":{"line":34,"column":35},"end":{"line":46,"column":5}},"line":34},"2":{"name":"(anonymous_2)","decl":{"start":{"line":47,"column":4},"end":{"line":47,"column":5}},"loc":{"start":{"line":47,"column":19},"end":{"line":89,"column":5}},"line":47}},"branchMap":{"0":{"loc":{"start":{"line":33,"column":4},"end":{"line":33,"column":39}},"type":"default-arg","locations":[{"start":{"line":33,"column":18},"end":{"line":33,"column":39}}],"line":33},"1":{"loc":{"start":{"line":34,"column":4},"end":{"line":34,"column":33}},"type":"default-arg","locations":[{"start":{"line":34,"column":11},"end":{"line":34,"column":33}}],"line":34},"2":{"loc":{"start":{"line":35,"column":8},"end":{"line":42,"column":9}},"type":"switch","locations":[{"start":{"line":36,"column":12},"end":{"line":36,"column":40}},{"start":{"line":37,"column":12},"end":{"line":37,"column":44}},{"start":{"line":38,"column":12},"end":{"line":39,"column":22}},{"start":{"line":40,"column":12},"end":{"line":41,"column":89}}],"line":35},"3":{"loc":{"start":{"line":49,"column":8},"end":{"line":66,"column":9}},"type":"if","locations":[{"start":{"line":49,"column":8},"end":{"line":66,"column":9}},{"start":{},"end":{}}],"line":49},"4":{"loc":{"start":{"line":50,"column":12},"end":{"line":65,"column":13}},"type":"switch","locations":[{"start":{"line":51,"column":16},"end":{"line":62,"column":26}},{"start":{"line":63,"column":16},"end":{"line":64,"column":64}}],"line":50},"5":{"loc":{"start":{"line":52,"column":20},"end":{"line":61,"column":21}},"type":"switch","locations":[{"start":{"line":53,"column":24},"end":{"line":55,"column":34}},{"start":{"line":56,"column":24},"end":{"line":58,"column":34}},{"start":{"line":59,"column":24},"end":{"line":60,"column":127}}],"line":52},"6":{"loc":{"start":{"line":68,"column":8},"end":{"line":70,"column":9}},"type":"if","locations":[{"start":{"line":68,"column":8},"end":{"line":70,"column":9}},{"start":{},"end":{}}],"line":68},"7":{"loc":{"start":{"line":71,"column":8},"end":{"line":87,"column":9}},"type":"if","locations":[{"start":{"line":71,"column":8},"end":{"line":87,"column":9}},{"start":{},"end":{}}],"line":71},"8":{"loc":{"start":{"line":73,"column":12},"end":{"line":85,"column":13}},"type":"switch","locations":[{"start":{"line":74,"column":16},"end":{"line":82,"column":26}},{"start":{"line":83,"column":16},"end":{"line":84,"column":42}}],"line":73},"9":{"loc":{"start":{"line":75,"column":20},"end":{"line":81,"column":21}},"type":"switch","locations":[{"start":{"line":76,"column":24},"end":{"line":78,"column":34}},{"start":{"line":79,"column":24},"end":{"line":80,"column":113}}],"line":75}},"s":{"0":3,"1":3,"2":3,"3":3,"4":3,"5":3,"6":3,"7":3,"8":3,"9":3,"10":3,"11":3,"12":3,"13":3,"14":3,"15":3,"16":3,"17":14,"18":14,"19":14,"20":8,"21":7,"22":1,"23":7,"24":7,"25":7,"26":14,"27":0,"28":0,"29":0,"30":0,"31":0,"32":0,"33":0,"34":0,"35":0,"36":14,"37":12,"38":14,"39":0,"40":0,"41":0,"42":0,"43":0,"44":0,"45":0,"46":0,"47":14,"48":3,"49":3},"f":{"0":14,"1":8,"2":14},"b":{"0":[1],"1":[5],"2":[5,6,7,1],"3":[0,14],"4":[0,0],"5":[0,0,0],"6":[12,2],"7":[0,14],"8":[0,0],"9":[0,0]},"_coverageSchema":"1a1c01bbd47fc00a2c39e90264f33305004495a9","hash":"f9993b3614804174ab89e1ad3e16816d38f85b1b"}
,"/Users/alex_cryp/Desktop/Projects/nestjs-iacry/lib/matcher.ts": {"path":"/Users/alex_cryp/Desktop/Projects/nestjs-iacry/lib/matcher.ts","statementMap":{"0":{"start":{"line":2,"column":0},"end":{"line":2,"column":62}},"1":{"start":{"line":3,"column":0},"end":{"line":3,"column":25}},"2":{"start":{"line":4,"column":16},"end":{"line":4,"column":32}},"3":{"start":{"line":5,"column":21},"end":{"line":5,"column":67}},"4":{"start":{"line":6,"column":17},"end":{"line":6,"column":47}},"5":{"start":{"line":7,"column":15},"end":{"line":7,"column":40}},"6":{"start":{"line":10,"column":8},"end":{"line":10,"column":16}},"7":{"start":{"line":11,"column":8},"end":{"line":11,"column":29}},"8":{"start":{"line":14,"column":25},"end":{"line":14,"column":88}},"9":{"start":{"line":15,"column":23},"end":{"line":15,"column":82}},"10":{"start":{"line":16,"column":26},"end":{"line":16,"column":91}},"11":{"start":{"line":17,"column":23},"end":{"line":21,"column":9}},"12":{"start":{"line":22,"column":8},"end":{"line":39,"column":9}},"13":{"start":{"line":23,"column":34},"end":{"line":23,"column":132}},"14":{"start":{"line":24,"column":32},"end":{"line":24,"column":124}},"15":{"start":{"line":25,"column":35},"end":{"line":25,"column":136}},"16":{"start":{"line":26,"column":12},"end":{"line":38,"column":13}},"17":{"start":{"line":27,"column":16},"end":{"line":34,"column":17}},"18":{"start":{"line":29,"column":24},"end":{"line":29,"column":50}},"19":{"start":{"line":30,"column":24},"end":{"line":30,"column":30}},"20":{"start":{"line":33,"column":24},"end":{"line":33,"column":49}},"21":{"start":{"line":37,"column":16},"end":{"line":37,"column":44}},"22":{"start":{"line":40,"column":8},"end":{"line":40,"column":22}},"23":{"start":{"line":44,"column":8},"end":{"line":46,"column":9}},"24":{"start":{"line":45,"column":12},"end":{"line":45,"column":24}},"25":{"start":{"line":47,"column":8},"end":{"line":50,"column":41}},"26":{"start":{"line":48,"column":29},"end":{"line":48,"column":78}},"27":{"start":{"line":53,"column":27},"end":{"line":53,"column":74}},"28":{"start":{"line":54,"column":8},"end":{"line":56,"column":59}},"29":{"start":{"line":55,"column":26},"end":{"line":55,"column":66}},"30":{"start":{"line":59,"column":8},"end":{"line":59,"column":216}},"31":{"start":{"line":62,"column":20},"end":{"line":62,"column":39}},"32":{"start":{"line":63,"column":8},"end":{"line":65,"column":9}},"33":{"start":{"line":64,"column":12},"end":{"line":64,"column":40}},"34":{"start":{"line":66,"column":8},"end":{"line":66,"column":99}},"35":{"start":{"line":69,"column":0},"end":{"line":69,"column":26}}},"fnMap":{"0":{"name":"(anonymous_0)","decl":{"start":{"line":9,"column":4},"end":{"line":9,"column":5}},"loc":{"start":{"line":9,"column":32},"end":{"line":12,"column":5}},"line":9},"1":{"name":"(anonymous_1)","decl":{"start":{"line":13,"column":4},"end":{"line":13,"column":5}},"loc":{"start":{"line":13,"column":58},"end":{"line":41,"column":5}},"line":13},"2":{"name":"(anonymous_2)","decl":{"start":{"line":42,"column":4},"end":{"line":42,"column":5}},"loc":{"start":{"line":42,"column":56},"end":{"line":51,"column":5}},"line":42},"3":{"name":"(anonymous_3)","decl":{"start":{"line":48,"column":17},"end":{"line":48,"column":18}},"loc":{"start":{"line":48,"column":29},"end":{"line":48,"column":78}},"line":48},"4":{"name":"(anonymous_4)","decl":{"start":{"line":52,"column":4},"end":{"line":52,"column":5}},"loc":{"start":{"line":52,"column":49},"end":{"line":57,"column":5}},"line":52},"5":{"name":"(anonymous_5)","decl":{"start":{"line":55,"column":17},"end":{"line":55,"column":18}},"loc":{"start":{"line":55,"column":26},"end":{"line":55,"column":66}},"line":55},"6":{"name":"(anonymous_6)","decl":{"start":{"line":58,"column":4},"end":{"line":58,"column":5}},"loc":{"start":{"line":58,"column":36},"end":{"line":60,"column":5}},"line":58},"7":{"name":"(anonymous_7)","decl":{"start":{"line":61,"column":4},"end":{"line":61,"column":5}},"loc":{"start":{"line":61,"column":42},"end":{"line":67,"column":5}},"line":61}},"branchMap":{"0":{"loc":{"start":{"line":9,"column":16},"end":{"line":9,"column":30}},"type":"default-arg","locations":[{"start":{"line":9,"column":25},"end":{"line":9,"column":30}}],"line":9},"1":{"loc":{"start":{"line":26,"column":12},"end":{"line":38,"column":13}},"type":"if","locations":[{"start":{"line":26,"column":12},"end":{"line":38,"column":13}},{"start":{"line":36,"column":17},"end":{"line":38,"column":13}}],"line":26},"2":{"loc":{"start":{"line":26,"column":16},"end":{"line":26,"column":62}},"type":"binary-expr","locations":[{"start":{"line":26,"column":16},"end":{"line":26,"column":29}},{"start":{"line":26,"column":33},"end":{"line":26,"column":44}},{"start":{"line":26,"column":48},"end":{"line":26,"column":62}}],"line":26},"3":{"loc":{"start":{"line":27,"column":16},"end":{"line":34,"column":17}},"type":"switch","locations":[{"start":{"line":28,"column":20},"end":{"line":30,"column":30}},{"start":{"line":31,"column":20},"end":{"line":31,"column":46}},{"start":{"line":32,"column":20},"end":{"line":33,"column":49}}],"line":27},"4":{"loc":{"start":{"line":44,"column":8},"end":{"line":46,"column":9}},"type":"if","locations":[{"start":{"line":44,"column":8},"end":{"line":46,"column":9}},{"start":{},"end":{}}],"line":44},"5":{"loc":{"start":{"line":59,"column":15},"end":{"line":59,"column":215}},"type":"binary-expr","locations":[{"start":{"line":59,"column":15},"end":{"line":59,"column":113}},{"start":{"line":59,"column":117},"end":{"line":59,"column":215}}],"line":59},"6":{"loc":{"start":{"line":61,"column":29},"end":{"line":61,"column":40}},"type":"default-arg","locations":[{"start":{"line":61,"column":35},"end":{"line":61,"column":40}}],"line":61},"7":{"loc":{"start":{"line":63,"column":8},"end":{"line":65,"column":9}},"type":"if","locations":[{"start":{"line":63,"column":8},"end":{"line":65,"column":9}},{"start":{},"end":{}}],"line":63},"8":{"loc":{"start":{"line":66,"column":15},"end":{"line":66,"column":98}},"type":"cond-expr","locations":[{"start":{"line":66,"column":21},"end":{"line":66,"column":26}},{"start":{"line":66,"column":29},"end":{"line":66,"column":98}}],"line":66}},"s":{"0":5,"1":5,"2":5,"3":5,"4":5,"5":5,"6":25,"7":25,"8":18,"9":18,"10":18,"11":18,"12":18,"13":33,"14":33,"15":33,"16":33,"17":20,"18":12,"19":12,"20":8,"21":13,"22":18,"23":99,"24":34,"25":65,"26":66,"27":66,"28":66,"29":132,"30":132,"31":328,"32":328,"33":328,"34":328,"35":5},"f":{"0":25,"1":18,"2":99,"3":66,"4":66,"5":132,"6":132,"7":328},"b":{"0":[25],"1":[20,13],"2":[33,32,21],"3":[12,8,8],"4":[34,65],"5":[132,32],"6":[164],"7":[328,0],"8":[164,164]},"_coverageSchema":"1a1c01bbd47fc00a2c39e90264f33305004495a9","hash":"0086ad9a3849fc5ee57e98c16ebb2f4f9eb1e096"}
,"/Users/alex_cryp/Desktop/Projects/nestjs-iacry/lib/policy-vector.ts": {"path":"/Users/alex_cryp/Desktop/Projects/nestjs-iacry/lib/policy-vector.ts","statementMap":{"0":{"start":{"line":2,"column":0},"end":{"line":2,"column":62}},"1":{"start":{"line":3,"column":0},"end":{"line":3,"column":30}},"2":{"start":{"line":4,"column":17},"end":{"line":4,"column":36}},"3":{"start":{"line":7,"column":8},"end":{"line":7,"column":16}},"4":{"start":{"line":8,"column":8},"end":{"line":8,"column":53}},"5":{"start":{"line":9,"column":8},"end":{"line":12,"column":11}},"6":{"start":{"line":13,"column":8},"end":{"line":13,"column":31}},"7":{"start":{"line":16,"column":8},"end":{"line":16,"column":53}},"8":{"start":{"line":16,"column":36},"end":{"line":16,"column":51}},"9":{"start":{"line":19,"column":25},"end":{"line":19,"column":27}},"10":{"start":{"line":20,"column":8},"end":{"line":27,"column":9}},"11":{"start":{"line":21,"column":12},"end":{"line":26,"column":13}},"12":{"start":{"line":22,"column":16},"end":{"line":22,"column":41}},"13":{"start":{"line":25,"column":16},"end":{"line":25,"column":62}},"14":{"start":{"line":28,"column":8},"end":{"line":28,"column":34}},"15":{"start":{"line":31,"column":0},"end":{"line":31,"column":36}}},"fnMap":{"0":{"name":"(anonymous_0)","decl":{"start":{"line":6,"column":4},"end":{"line":6,"column":5}},"loc":{"start":{"line":6,"column":26},"end":{"line":14,"column":5}},"line":6},"1":{"name":"(anonymous_1)","decl":{"start":{"line":15,"column":4},"end":{"line":15,"column":5}},"loc":{"start":{"line":15,"column":13},"end":{"line":17,"column":5}},"line":15},"2":{"name":"(anonymous_2)","decl":{"start":{"line":16,"column":24},"end":{"line":16,"column":25}},"loc":{"start":{"line":16,"column":36},"end":{"line":16,"column":51}},"line":16},"3":{"name":"(anonymous_3)","decl":{"start":{"line":18,"column":4},"end":{"line":18,"column":5}},"loc":{"start":{"line":18,"column":34},"end":{"line":29,"column":5}},"line":18}},"branchMap":{"0":{"loc":{"start":{"line":21,"column":12},"end":{"line":26,"column":13}},"type":"if","locations":[{"start":{"line":21,"column":12},"end":{"line":26,"column":13}},{"start":{"line":24,"column":17},"end":{"line":26,"column":13}}],"line":21}},"s":{"0":6,"1":6,"2":6,"3":19,"4":19,"5":19,"6":19,"7":1,"8":3,"9":19,"10":19,"11":36,"12":1,"13":35,"14":19,"15":6},"f":{"0":19,"1":1,"2":3,"3":19},"b":{"0":[1,35]},"_coverageSchema":"1a1c01bbd47fc00a2c39e90264f33305004495a9","hash":"20f55718526cbe66091689f9b3278ee89585e592"}
,"/Users/alex_cryp/Desktop/Projects/nestjs-iacry/lib/policy.manager.ts": {"path":"/Users/alex_cryp/Desktop/Projects/nestjs-iacry/lib/policy.manager.ts","statementMap":{"0":{"start":{"line":2,"column":0},"end":{"line":2,"column":62}},"1":{"start":{"line":3,"column":0},"end":{"line":3,"column":31}},"2":{"start":{"line":4,"column":15},"end":{"line":4,"column":40}},"3":{"start":{"line":5,"column":17},"end":{"line":5,"column":47}},"4":{"start":{"line":8,"column":8},"end":{"line":8,"column":16}},"5":{"start":{"line":9,"column":8},"end":{"line":9,"column":31}},"6":{"start":{"line":12,"column":8},"end":{"line":12,"column":31}},"7":{"start":{"line":13,"column":8},"end":{"line":13,"column":20}},"8":{"start":{"line":24,"column":27},"end":{"line":24,"column":88}},"9":{"start":{"line":25,"column":8},"end":{"line":25,"column":56}},"10":{"start":{"line":36,"column":27},"end":{"line":36,"column":88}},"11":{"start":{"line":37,"column":8},"end":{"line":39,"column":44}},"12":{"start":{"line":47,"column":27},"end":{"line":47,"column":88}},"13":{"start":{"line":48,"column":28},"end":{"line":48,"column":63}},"14":{"start":{"line":49,"column":8},"end":{"line":49,"column":127}},"15":{"start":{"line":49,"column":46},"end":{"line":49,"column":125}},"16":{"start":{"line":58,"column":27},"end":{"line":58,"column":88}},"17":{"start":{"line":59,"column":28},"end":{"line":59,"column":73}},"18":{"start":{"line":60,"column":8},"end":{"line":60,"column":127}},"19":{"start":{"line":60,"column":46},"end":{"line":60,"column":125}},"20":{"start":{"line":70,"column":27},"end":{"line":70,"column":88}},"21":{"start":{"line":71,"column":8},"end":{"line":71,"column":67}},"22":{"start":{"line":91,"column":26},"end":{"line":91,"column":66}},"23":{"start":{"line":92,"column":27},"end":{"line":92,"column":68}},"24":{"start":{"line":93,"column":23},"end":{"line":99,"column":9}},"25":{"start":{"line":100,"column":8},"end":{"line":100,"column":51}},"26":{"start":{"line":103,"column":0},"end":{"line":103,"column":38}}},"fnMap":{"0":{"name":"(anonymous_0)","decl":{"start":{"line":7,"column":4},"end":{"line":7,"column":5}},"loc":{"start":{"line":7,"column":25},"end":{"line":10,"column":5}},"line":7},"1":{"name":"(anonymous_1)","decl":{"start":{"line":11,"column":4},"end":{"line":11,"column":5}},"loc":{"start":{"line":11,"column":24},"end":{"line":14,"column":5}},"line":11},"2":{"name":"(anonymous_2)","decl":{"start":{"line":23,"column":4},"end":{"line":23,"column":5}},"loc":{"start":{"line":23,"column":44},"end":{"line":26,"column":5}},"line":23},"3":{"name":"(anonymous_3)","decl":{"start":{"line":35,"column":4},"end":{"line":35,"column":5}},"loc":{"start":{"line":35,"column":43},"end":{"line":40,"column":5}},"line":35},"4":{"name":"(anonymous_4)","decl":{"start":{"line":46,"column":4},"end":{"line":46,"column":5}},"loc":{"start":{"line":46,"column":33},"end":{"line":50,"column":5}},"line":46},"5":{"name":"(anonymous_5)","decl":{"start":{"line":49,"column":31},"end":{"line":49,"column":32}},"loc":{"start":{"line":49,"column":46},"end":{"line":49,"column":125}},"line":49},"6":{"name":"(anonymous_6)","decl":{"start":{"line":57,"column":4},"end":{"line":57,"column":5}},"loc":{"start":{"line":57,"column":43},"end":{"line":61,"column":5}},"line":57},"7":{"name":"(anonymous_7)","decl":{"start":{"line":60,"column":31},"end":{"line":60,"column":32}},"loc":{"start":{"line":60,"column":46},"end":{"line":60,"column":125}},"line":60},"8":{"name":"(anonymous_8)","decl":{"start":{"line":69,"column":4},"end":{"line":69,"column":5}},"loc":{"start":{"line":69,"column":54},"end":{"line":72,"column":5}},"line":69},"9":{"name":"(anonymous_9)","decl":{"start":{"line":87,"column":4},"end":{"line":87,"column":5}},"loc":{"start":{"line":90,"column":41},"end":{"line":101,"column":5}},"line":90}},"branchMap":{"0":{"loc":{"start":{"line":37,"column":15},"end":{"line":39,"column":43}},"type":"cond-expr","locations":[{"start":{"line":38,"column":14},"end":{"line":38,"column":55}},{"start":{"line":39,"column":14},"end":{"line":39,"column":43}}],"line":37},"1":{"loc":{"start":{"line":49,"column":46},"end":{"line":49,"column":125}},"type":"cond-expr","locations":[{"start":{"line":49,"column":78},"end":{"line":49,"column":113}},{"start":{"line":49,"column":116},"end":{"line":49,"column":125}}],"line":49},"2":{"loc":{"start":{"line":60,"column":46},"end":{"line":60,"column":125}},"type":"cond-expr","locations":[{"start":{"line":60,"column":78},"end":{"line":60,"column":113}},{"start":{"line":60,"column":116},"end":{"line":60,"column":125}}],"line":60},"3":{"loc":{"start":{"line":89,"column":4},"end":{"line":89,"column":39}},"type":"default-arg","locations":[{"start":{"line":89,"column":18},"end":{"line":89,"column":39}}],"line":89},"4":{"loc":{"start":{"line":90,"column":4},"end":{"line":90,"column":34}},"type":"default-arg","locations":[{"start":{"line":90,"column":13},"end":{"line":90,"column":34}}],"line":90}},"s":{"0":4,"1":4,"2":4,"3":4,"4":24,"5":24,"6":1,"7":1,"8":3,"9":3,"10":2,"11":2,"12":2,"13":2,"14":2,"15":2,"16":1,"17":1,"18":1,"19":1,"20":1,"21":1,"22":1,"23":1,"24":1,"25":1,"26":4},"f":{"0":24,"1":1,"2":3,"3":2,"4":2,"5":2,"6":1,"7":1,"8":1,"9":1},"b":{"0":[1,1],"1":[1,1],"2":[0,1],"3":[0],"4":[1]},"_coverageSchema":"1a1c01bbd47fc00a2c39e90264f33305004495a9","hash":"96a4582de9afd2482fb457aa1f65416dfdabfd2e"}
,"/Users/alex_cryp/Desktop/Projects/nestjs-iacry/lib/policy.ts": {"path":"/Users/alex_cryp/Desktop/Projects/nestjs-iacry/lib/policy.ts","statementMap":{"0":{"start":{"line":2,"column":0},"end":{"line":2,"column":62}},"1":{"start":{"line":3,"column":0},"end":{"line":3,"column":24}},"2":{"start":{"line":4,"column":16},"end":{"line":4,"column":32}},"3":{"start":{"line":5,"column":16},"end":{"line":5,"column":57}},"4":{"start":{"line":6,"column":17},"end":{"line":6,"column":47}},"5":{"start":{"line":7,"column":15},"end":{"line":7,"column":40}},"6":{"start":{"line":8,"column":37},"end":{"line":8,"column":83}},"7":{"start":{"line":14,"column":8},"end":{"line":14,"column":16}},"8":{"start":{"line":15,"column":21},"end":{"line":15,"column":23}},"9":{"start":{"line":16,"column":8},"end":{"line":21,"column":9}},"10":{"start":{"line":17,"column":12},"end":{"line":17,"column":46}},"11":{"start":{"line":20,"column":12},"end":{"line":20,"column":53}},"12":{"start":{"line":22,"column":8},"end":{"line":22,"column":55}},"13":{"start":{"line":23,"column":8},"end":{"line":23,"column":71}},"14":{"start":{"line":24,"column":8},"end":{"line":24,"column":36}},"15":{"start":{"line":27,"column":8},"end":{"line":37,"column":9}},"16":{"start":{"line":28,"column":12},"end":{"line":34,"column":13}},"17":{"start":{"line":29,"column":16},"end":{"line":32,"column":17}},"18":{"start":{"line":31,"column":20},"end":{"line":31,"column":30}},"19":{"start":{"line":33,"column":16},"end":{"line":33,"column":44}},"20":{"start":{"line":35,"column":12},"end":{"line":36,"column":45}},"21":{"start":{"line":36,"column":31},"end":{"line":36,"column":43}},"22":{"start":{"line":38,"column":8},"end":{"line":38,"column":26}},"23":{"start":{"line":41,"column":61},"end":{"line":41,"column":65}},"24":{"start":{"line":42,"column":26},"end":{"line":42,"column":92}},"25":{"start":{"line":43,"column":8},"end":{"line":48,"column":9}},"26":{"start":{"line":44,"column":12},"end":{"line":44,"column":59}},"27":{"start":{"line":47,"column":12},"end":{"line":47,"column":59}},"28":{"start":{"line":49,"column":8},"end":{"line":49,"column":25}},"29":{"start":{"line":52,"column":8},"end":{"line":65,"column":9}},"30":{"start":{"line":53,"column":12},"end":{"line":61,"column":13}},"31":{"start":{"line":54,"column":16},"end":{"line":59,"column":17}},"32":{"start":{"line":55,"column":20},"end":{"line":57,"column":21}},"33":{"start":{"line":56,"column":24},"end":{"line":56,"column":72}},"34":{"start":{"line":58,"column":20},"end":{"line":58,"column":29}},"35":{"start":{"line":60,"column":16},"end":{"line":60,"column":25}},"36":{"start":{"line":62,"column":12},"end":{"line":64,"column":13}},"37":{"start":{"line":63,"column":16},"end":{"line":63,"column":58}},"38":{"start":{"line":68,"column":8},"end":{"line":81,"column":9}},"39":{"start":{"line":69,"column":12},"end":{"line":77,"column":13}},"40":{"start":{"line":70,"column":16},"end":{"line":75,"column":17}},"41":{"start":{"line":71,"column":20},"end":{"line":73,"column":21}},"42":{"start":{"line":72,"column":24},"end":{"line":72,"column":70}},"43":{"start":{"line":74,"column":20},"end":{"line":74,"column":29}},"44":{"start":{"line":76,"column":16},"end":{"line":76,"column":25}},"45":{"start":{"line":78,"column":12},"end":{"line":80,"column":13}},"46":{"start":{"line":79,"column":16},"end":{"line":79,"column":56}},"47":{"start":{"line":84,"column":21},"end":{"line":84,"column":25}},"48":{"start":{"line":85,"column":8},"end":{"line":112,"column":9}},"49":{"start":{"line":86,"column":12},"end":{"line":88,"column":13}},"50":{"start":{"line":87,"column":16},"end":{"line":87,"column":25}},"51":{"start":{"line":89,"column":12},"end":{"line":102,"column":13}},"52":{"start":{"line":90,"column":16},"end":{"line":100,"column":17}},"53":{"start":{"line":91,"column":20},"end":{"line":93,"column":21}},"54":{"start":{"line":92,"column":24},"end":{"line":92,"column":33}},"55":{"start":{"line":94,"column":20},"end":{"line":99,"column":22}},"56":{"start":{"line":97,"column":28},"end":{"line":97,"column":92}},"57":{"start":{"line":101,"column":16},"end":{"line":101,"column":25}},"58":{"start":{"line":103,"column":12},"end":{"line":105,"column":13}},"59":{"start":{"line":104,"column":16},"end":{"line":104,"column":25}},"60":{"start":{"line":106,"column":12},"end":{"line":111,"column":14}},"61":{"start":{"line":109,"column":20},"end":{"line":109,"column":84}},"62":{"start":{"line":115,"column":0},"end":{"line":115,"column":24}}},"fnMap":{"0":{"name":"(anonymous_0)","decl":{"start":{"line":13,"column":4},"end":{"line":13,"column":5}},"loc":{"start":{"line":13,"column":27},"end":{"line":25,"column":5}},"line":13},"1":{"name":"(anonymous_1)","decl":{"start":{"line":26,"column":4},"end":{"line":26,"column":5}},"loc":{"start":{"line":26,"column":19},"end":{"line":39,"column":5}},"line":26},"2":{"name":"(anonymous_2)","decl":{"start":{"line":36,"column":21},"end":{"line":36,"column":22}},"loc":{"start":{"line":36,"column":31},"end":{"line":36,"column":43}},"line":36},"3":{"name":"(anonymous_3)","decl":{"start":{"line":40,"column":4},"end":{"line":40,"column":5}},"loc":{"start":{"line":40,"column":26},"end":{"line":50,"column":5}},"line":40},"4":{"name":"(anonymous_4)","decl":{"start":{"line":51,"column":4},"end":{"line":51,"column":5}},"loc":{"start":{"line":51,"column":46},"end":{"line":66,"column":5}},"line":51},"5":{"name":"(anonymous_5)","decl":{"start":{"line":67,"column":4},"end":{"line":67,"column":5}},"loc":{"start":{"line":67,"column":46},"end":{"line":82,"column":5}},"line":67},"6":{"name":"(anonymous_6)","decl":{"start":{"line":83,"column":4},"end":{"line":83,"column":5}},"loc":{"start":{"line":83,"column":49},"end":{"line":113,"column":5}},"line":83},"7":{"name":"(anonymous_7)","decl":{"start":{"line":96,"column":24},"end":{"line":96,"column":25}},"loc":{"start":{"line":96,"column":32},"end":{"line":98,"column":25}},"line":96},"8":{"name":"(anonymous_8)","decl":{"start":{"line":108,"column":16},"end":{"line":108,"column":17}},"loc":{"start":{"line":108,"column":24},"end":{"line":110,"column":17}},"line":108}},"branchMap":{"0":{"loc":{"start":{"line":16,"column":8},"end":{"line":21,"column":9}},"type":"if","locations":[{"start":{"line":16,"column":8},"end":{"line":21,"column":9}},{"start":{"line":19,"column":13},"end":{"line":21,"column":9}}],"line":16},"1":{"loc":{"start":{"line":27,"column":8},"end":{"line":37,"column":9}},"type":"if","locations":[{"start":{"line":27,"column":8},"end":{"line":37,"column":9}},{"start":{},"end":{}}],"line":27},"2":{"loc":{"start":{"line":28,"column":12},"end":{"line":34,"column":13}},"type":"if","locations":[{"start":{"line":28,"column":12},"end":{"line":34,"column":13}},{"start":{},"end":{}}],"line":28},"3":{"loc":{"start":{"line":29,"column":16},"end":{"line":32,"column":17}},"type":"if","locations":[{"start":{"line":29,"column":16},"end":{"line":32,"column":17}},{"start":{},"end":{}}],"line":29},"4":{"loc":{"start":{"line":40,"column":11},"end":{"line":40,"column":24}},"type":"default-arg","locations":[{"start":{"line":40,"column":19},"end":{"line":40,"column":24}}],"line":40},"5":{"loc":{"start":{"line":43,"column":8},"end":{"line":48,"column":9}},"type":"if","locations":[{"start":{"line":43,"column":8},"end":{"line":48,"column":9}},{"start":{"line":46,"column":13},"end":{"line":48,"column":9}}],"line":43},"6":{"loc":{"start":{"line":53,"column":12},"end":{"line":61,"column":13}},"type":"if","locations":[{"start":{"line":53,"column":12},"end":{"line":61,"column":13}},{"start":{},"end":{}}],"line":53},"7":{"loc":{"start":{"line":55,"column":20},"end":{"line":57,"column":21}},"type":"if","locations":[{"start":{"line":55,"column":20},"end":{"line":57,"column":21}},{"start":{},"end":{}}],"line":55},"8":{"loc":{"start":{"line":62,"column":12},"end":{"line":64,"column":13}},"type":"if","locations":[{"start":{"line":62,"column":12},"end":{"line":64,"column":13}},{"start":{},"end":{}}],"line":62},"9":{"loc":{"start":{"line":69,"column":12},"end":{"line":77,"column":13}},"type":"if","locations":[{"start":{"line":69,"column":12},"end":{"line":77,"column":13}},{"start":{},"end":{}}],"line":69},"10":{"loc":{"start":{"line":71,"column":20},"end":{"line":73,"column":21}},"type":"if","locations":[{"start":{"line":71,"column":20},"end":{"line":73,"column":21}},{"start":{},"end":{}}],"line":71},"11":{"loc":{"start":{"line":78,"column":12},"end":{"line":80,"column":13}},"type":"if","locations":[{"start":{"line":78,"column":12},"end":{"line":80,"column":13}},{"start":{},"end":{}}],"line":78},"12":{"loc":{"start":{"line":86,"column":12},"end":{"line":88,"column":13}},"type":"if","locations":[{"start":{"line":86,"column":12},"end":{"line":88,"column":13}},{"start":{},"end":{}}],"line":86},"13":{"loc":{"start":{"line":89,"column":12},"end":{"line":102,"column":13}},"type":"if","locations":[{"start":{"line":89,"column":12},"end":{"line":102,"column":13}},{"start":{},"end":{}}],"line":89},"14":{"loc":{"start":{"line":91,"column":20},"end":{"line":93,"column":21}},"type":"if","locations":[{"start":{"line":91,"column":20},"end":{"line":93,"column":21}},{"start":{},"end":{}}],"line":91},"15":{"loc":{"start":{"line":103,"column":12},"end":{"line":105,"column":13}},"type":"if","locations":[{"start":{"line":103,"column":12},"end":{"line":105,"column":13}},{"start":{},"end":{}}],"line":103}},"s":{"0":7,"1":7,"2":7,"3":7,"4":7,"5":7,"6":7,"7":42,"8":42,"9":42,"10":2,"11":40,"12":42,"13":42,"14":41,"15":101,"16":101,"17":100,"18":35,"19":65,"20":1,"21":2,"22":0,"23":22,"24":22,"25":22,"26":1,"27":21,"28":22,"29":1,"30":3,"31":0,"32":0,"33":0,"34":0,"35":0,"36":3,"37":3,"38":21,"39":63,"40":1,"41":2,"42":2,"43":2,"44":1,"45":62,"46":35,"47":42,"48":42,"49":126,"50":46,"51":80,"52":1,"53":2,"54":0,"55":2,"56":2,"57":1,"58":79,"59":0,"60":79,"61":68,"62":7},"f":{"0":42,"1":101,"2":2,"3":22,"4":1,"5":21,"6":42,"7":2,"8":68},"b":{"0":[2,40],"1":[101,0],"2":[100,1],"3":[35,65],"4":[21],"5":[1,21],"6":[0,3],"7":[0,0],"8":[3,0],"9":[1,62],"10":[2,0],"11":[35,27],"12":[46,80],"13":[1,79],"14":[0,2],"15":[0,79]},"_coverageSchema":"1a1c01bbd47fc00a2c39e90264f33305004495a9","hash":"7b914c255d95ce6c36db3db69f62aafb0503c18c"}
,"/Users/alex_cryp/Desktop/Projects/nestjs-iacry/lib/decorators/action.ts": {"path":"/Users/alex_cryp/Desktop/Projects/nestjs-iacry/lib/decorators/action.ts","statementMap":{"0":{"start":{"line":2,"column":0},"end":{"line":2,"column":62}},"1":{"start":{"line":3,"column":0},"end":{"line":3,"column":42}},"2":{"start":{"line":4,"column":0},"end":{"line":4,"column":24}},"3":{"start":{"line":5,"column":17},"end":{"line":5,"column":48}},"4":{"start":{"line":6,"column":20},"end":{"line":6,"column":42}},"5":{"start":{"line":7,"column":17},"end":{"line":7,"column":36}},"6":{"start":{"line":8,"column":0},"end":{"line":22,"column":3}},"7":{"start":{"line":10,"column":8},"end":{"line":12,"column":9}},"8":{"start":{"line":11,"column":12},"end":{"line":11,"column":25}},"9":{"start":{"line":13,"column":22},"end":{"line":16,"column":9}},"10":{"start":{"line":17,"column":8},"end":{"line":20,"column":38}},"11":{"start":{"line":19,"column":27},"end":{"line":19,"column":45}},"12":{"start":{"line":29,"column":4},"end":{"line":32,"column":6}},"13":{"start":{"line":30,"column":8},"end":{"line":30,"column":127}},"14":{"start":{"line":31,"column":8},"end":{"line":31,"column":26}}},"fnMap":{"0":{"name":"(anonymous_0)","decl":{"start":{"line":9,"column":4},"end":{"line":9,"column":5}},"loc":{"start":{"line":9,"column":24},"end":{"line":21,"column":5}},"line":9},"1":{"name":"(anonymous_1)","decl":{"start":{"line":19,"column":17},"end":{"line":19,"column":18}},"loc":{"start":{"line":19,"column":27},"end":{"line":19,"column":45}},"line":19},"2":{"name":"Action","decl":{"start":{"line":28,"column":9},"end":{"line":28,"column":15}},"loc":{"start":{"line":28,"column":24},"end":{"line":33,"column":1}},"line":28},"3":{"name":"(anonymous_3)","decl":{"start":{"line":29,"column":11},"end":{"line":29,"column":12}},"loc":{"start":{"line":29,"column":40},"end":{"line":32,"column":5}},"line":29}},"branchMap":{"0":{"loc":{"start":{"line":10,"column":8},"end":{"line":12,"column":9}},"type":"if","locations":[{"start":{"line":10,"column":8},"end":{"line":12,"column":9}},{"start":{},"end":{}}],"line":10},"1":{"loc":{"start":{"line":10,"column":12},"end":{"line":10,"column":65}},"type":"binary-expr","locations":[{"start":{"line":10,"column":12},"end":{"line":10,"column":16}},{"start":{"line":10,"column":20},"end":{"line":10,"column":65}}],"line":10},"2":{"loc":{"start":{"line":14,"column":13},"end":{"line":14,"column":38}},"type":"binary-expr","locations":[{"start":{"line":14,"column":13},"end":{"line":14,"column":32}},{"start":{"line":14,"column":36},"end":{"line":14,"column":38}}],"line":14},"3":{"loc":{"start":{"line":30,"column":62},"end":{"line":30,"column":107}},"type":"binary-expr","locations":[{"start":{"line":30,"column":62},"end":{"line":30,"column":68}},{"start":{"line":30,"column":72},"end":{"line":30,"column":107}}],"line":30}},"s":{"0":2,"1":2,"2":2,"3":2,"4":2,"5":2,"6":2,"7":5,"8":2,"9":3,"10":3,"11":6,"12":6,"13":6,"14":6},"f":{"0":5,"1":6,"2":6,"3":6},"b":{"0":[2,3],"1":[5,4],"2":[3,0],"3":[6,3]},"_coverageSchema":"1a1c01bbd47fc00a2c39e90264f33305004495a9","hash":"2b19ab975be56b9a73de6b1e524ef4ba87bb934a"}
,"/Users/alex_cryp/Desktop/Projects/nestjs-iacry/lib/decorators/constants.ts": {"path":"/Users/alex_cryp/Desktop/Projects/nestjs-iacry/lib/decorators/constants.ts","statementMap":{"0":{"start":{"line":2,"column":0},"end":{"line":2,"column":62}},"1":{"start":{"line":3,"column":0},"end":{"line":3,"column":278}},"2":{"start":{"line":4,"column":17},"end":{"line":4,"column":48}},"3":{"start":{"line":5,"column":0},"end":{"line":5,"column":32}},"4":{"start":{"line":6,"column":0},"end":{"line":6,"column":36}},"5":{"start":{"line":7,"column":0},"end":{"line":7,"column":91}},"6":{"start":{"line":8,"column":0},"end":{"line":8,"column":83}},"7":{"start":{"line":9,"column":0},"end":{"line":9,"column":59}},"8":{"start":{"line":10,"column":0},"end":{"line":10,"column":63}},"9":{"start":{"line":11,"column":0},"end":{"line":11,"column":65}},"10":{"start":{"line":12,"column":0},"end":{"line":12,"column":45}},"11":{"start":{"line":13,"column":0},"end":{"line":13,"column":51}},"12":{"start":{"line":14,"column":0},"end":{"line":14,"column":41}}},"fnMap":{},"branchMap":{},"s":{"0":16,"1":16,"2":16,"3":16,"4":16,"5":16,"6":16,"7":16,"8":16,"9":16,"10":16,"11":16,"12":16},"f":{},"b":{},"_coverageSchema":"1a1c01bbd47fc00a2c39e90264f33305004495a9","hash":"29623abef0317d9ae165f1cb33bc58da42d3c6f0"}
,"/Users/alex_cryp/Desktop/Projects/nestjs-iacry/lib/decorators/entity.ts": {"path":"/Users/alex_cryp/Desktop/Projects/nestjs-iacry/lib/decorators/entity.ts","statementMap":{"0":{"start":{"line":2,"column":0},"end":{"line":2,"column":62}},"1":{"start":{"line":3,"column":0},"end":{"line":3,"column":28}},"2":{"start":{"line":4,"column":0},"end":{"line":4,"column":50}},"3":{"start":{"line":5,"column":0},"end":{"line":5,"column":60}},"4":{"start":{"line":6,"column":0},"end":{"line":6,"column":24}},"5":{"start":{"line":7,"column":26},"end":{"line":7,"column":62}},"6":{"start":{"line":8,"column":17},"end":{"line":8,"column":48}},"7":{"start":{"line":9,"column":20},"end":{"line":9,"column":42}},"8":{"start":{"line":11,"column":4},"end":{"line":19,"column":98}},"9":{"start":{"line":22,"column":4},"end":{"line":24,"column":5}},"10":{"start":{"line":23,"column":8},"end":{"line":23,"column":99}},"11":{"start":{"line":25,"column":4},"end":{"line":28,"column":6}},"12":{"start":{"line":31,"column":30},"end":{"line":31,"column":57}},"13":{"start":{"line":32,"column":4},"end":{"line":32,"column":117}},"14":{"start":{"line":42,"column":4},"end":{"line":58,"column":6}},"15":{"start":{"line":43,"column":8},"end":{"line":45,"column":9}},"16":{"start":{"line":44,"column":12},"end":{"line":44,"column":121}},"17":{"start":{"line":47,"column":8},"end":{"line":49,"column":10}},"18":{"start":{"line":48,"column":12},"end":{"line":48,"column":45}},"19":{"start":{"line":50,"column":8},"end":{"line":54,"column":53}},"20":{"start":{"line":50,"column":76},"end":{"line":54,"column":43}},"21":{"start":{"line":55,"column":8},"end":{"line":57,"column":51}},"22":{"start":{"line":55,"column":72},"end":{"line":57,"column":41}}},"fnMap":{"0":{"name":"isEntity","decl":{"start":{"line":10,"column":9},"end":{"line":10,"column":17}},"loc":{"start":{"line":10,"column":26},"end":{"line":20,"column":1}},"line":10},"1":{"name":"toDynamicIdentifier","decl":{"start":{"line":21,"column":9},"end":{"line":21,"column":28}},"loc":{"start":{"line":21,"column":37},"end":{"line":29,"column":1}},"line":21},"2":{"name":"toPlainDynamicIdentifier","decl":{"start":{"line":30,"column":9},"end":{"line":30,"column":33}},"loc":{"start":{"line":30,"column":42},"end":{"line":33,"column":1}},"line":30},"3":{"name":"Entity","decl":{"start":{"line":41,"column":9},"end":{"line":41,"column":15}},"loc":{"start":{"line":41,"column":25},"end":{"line":59,"column":1}},"line":41},"4":{"name":"(anonymous_4)","decl":{"start":{"line":42,"column":11},"end":{"line":42,"column":12}},"loc":{"start":{"line":42,"column":23},"end":{"line":58,"column":5}},"line":42},"5":{"name":"(anonymous_5)","decl":{"start":{"line":47,"column":47},"end":{"line":47,"column":48}},"loc":{"start":{"line":47,"column":59},"end":{"line":49,"column":9}},"line":47},"6":{"name":"(anonymous_6)","decl":{"start":{"line":50,"column":62},"end":{"line":50,"column":63}},"loc":{"start":{"line":50,"column":76},"end":{"line":54,"column":43}},"line":50},"7":{"name":"(anonymous_7)","decl":{"start":{"line":55,"column":58},"end":{"line":55,"column":59}},"loc":{"start":{"line":55,"column":72},"end":{"line":57,"column":41}},"line":55}},"branchMap":{"0":{"loc":{"start":{"line":11,"column":12},"end":{"line":19,"column":96}},"type":"binary-expr","locations":[{"start":{"line":11,"column":12},"end":{"line":11,"column":18}},{"start":{"line":12,"column":8},"end":{"line":12,"column":34}},{"start":{"line":13,"column":8},"end":{"line":13,"column":26}},{"start":{"line":14,"column":8},"end":{"line":14,"column":48}},{"start":{"line":15,"column":8},"end":{"line":15,"column":78}},{"start":{"line":16,"column":8},"end":{"line":16,"column":74}},{"start":{"line":17,"column":8},"end":{"line":18,"column":22}},{"start":{"line":19,"column":8},"end":{"line":19,"column":96}}],"line":11},"1":{"loc":{"start":{"line":22,"column":4},"end":{"line":24,"column":5}},"type":"if","locations":[{"start":{"line":22,"column":4},"end":{"line":24,"column":5}},{"start":{},"end":{}}],"line":22},"2":{"loc":{"start":{"line":43,"column":8},"end":{"line":45,"column":9}},"type":"if","locations":[{"start":{"line":43,"column":8},"end":{"line":45,"column":9}},{"start":{},"end":{}}],"line":43},"3":{"loc":{"start":{"line":43,"column":12},"end":{"line":43,"column":79}},"type":"binary-expr","locations":[{"start":{"line":43,"column":13},"end":{"line":43,"column":21}},{"start":{"line":43,"column":26},"end":{"line":43,"column":39}},{"start":{"line":43,"column":43},"end":{"line":43,"column":61}},{"start":{"line":43,"column":67},"end":{"line":43,"column":79}}],"line":43},"4":{"loc":{"start":{"line":50,"column":76},"end":{"line":54,"column":43}},"type":"cond-expr","locations":[{"start":{"line":51,"column":14},"end":{"line":51,"column":41}},{"start":{"line":52,"column":14},"end":{"line":54,"column":43}}],"line":50},"5":{"loc":{"start":{"line":50,"column":76},"end":{"line":50,"column":104}},"type":"binary-expr","locations":[{"start":{"line":50,"column":76},"end":{"line":50,"column":83}},{"start":{"line":50,"column":87},"end":{"line":50,"column":104}}],"line":50},"6":{"loc":{"start":{"line":52,"column":14},"end":{"line":54,"column":43}},"type":"cond-expr","locations":[{"start":{"line":53,"column":18},"end":{"line":53,"column":30}},{"start":{"line":54,"column":18},"end":{"line":54,"column":43}}],"line":52},"7":{"loc":{"start":{"line":52,"column":14},"end":{"line":52,"column":37}},"type":"binary-expr","locations":[{"start":{"line":52,"column":14},"end":{"line":52,"column":21}},{"start":{"line":52,"column":25},"end":{"line":52,"column":37}}],"line":52},"8":{"loc":{"start":{"line":55,"column":72},"end":{"line":57,"column":41}},"type":"cond-expr","locations":[{"start":{"line":56,"column":14},"end":{"line":56,"column":39}},{"start":{"line":57,"column":14},"end":{"line":57,"column":41}}],"line":55},"9":{"loc":{"start":{"line":55,"column":72},"end":{"line":55,"column":98}},"type":"binary-expr","locations":[{"start":{"line":55,"column":72},"end":{"line":55,"column":79}},{"start":{"line":55,"column":83},"end":{"line":55,"column":98}}],"line":55}},"s":{"0":16,"1":16,"2":16,"3":16,"4":16,"5":16,"6":16,"7":16,"8":45,"9":4,"10":2,"11":2,"12":1,"13":1,"14":9,"15":9,"16":0,"17":9,"18":0,"19":9,"20":5,"21":9,"22":4},"f":{"0":45,"1":4,"2":1,"3":9,"4":9,"5":0,"6":5,"7":4},"b":{"0":[45,43,19,19,19,3,3,3],"1":[2,2],"2":[0,9],"3":[9,5,2,5],"4":[1,4],"5":[5,4],"6":[3,1],"7":[4,3],"8":[1,3],"9":[4,3]},"_coverageSchema":"1a1c01bbd47fc00a2c39e90264f33305004495a9","hash":"fe13257392c933f8c0bff502efb4b1695817c112"}
,"/Users/alex_cryp/Desktop/Projects/nestjs-iacry/lib/decorators/firewall.guard.ts": {"path":"/Users/alex_cryp/Desktop/Projects/nestjs-iacry/lib/decorators/firewall.guard.ts","statementMap":{"0":{"start":{"line":2,"column":0},"end":{"line":2,"column":62}},"1":{"start":{"line":3,"column":0},"end":{"line":3,"column":31}},"2":{"start":{"line":4,"column":16},"end":{"line":4,"column":32}},"3":{"start":{"line":5,"column":17},"end":{"line":5,"column":42}},"4":{"start":{"line":6,"column":26},"end":{"line":6,"column":62}},"5":{"start":{"line":7,"column":24},"end":{"line":7,"column":51}},"6":{"start":{"line":8,"column":17},"end":{"line":8,"column":36}},"7":{"start":{"line":9,"column":19},"end":{"line":9,"column":40}},"8":{"start":{"line":10,"column":20},"end":{"line":10,"column":42}},"9":{"start":{"line":21,"column":20},"end":{"line":34,"column":1}},"10":{"start":{"line":23,"column":8},"end":{"line":23,"column":31}},"11":{"start":{"line":26,"column":23},"end":{"line":26,"column":92}},"12":{"start":{"line":27,"column":26},"end":{"line":27,"column":98}},"13":{"start":{"line":28,"column":25},"end":{"line":28,"column":96}},"14":{"start":{"line":29,"column":8},"end":{"line":31,"column":9}},"15":{"start":{"line":30,"column":12},"end":{"line":30,"column":168}},"16":{"start":{"line":32,"column":8},"end":{"line":32,"column":103}},"17":{"start":{"line":35,"column":0},"end":{"line":35,"column":38}},"18":{"start":{"line":36,"column":0},"end":{"line":39,"column":18}}},"fnMap":{"0":{"name":"(anonymous_0)","decl":{"start":{"line":22,"column":4},"end":{"line":22,"column":5}},"loc":{"start":{"line":22,"column":25},"end":{"line":24,"column":5}},"line":22},"1":{"name":"(anonymous_1)","decl":{"start":{"line":25,"column":4},"end":{"line":25,"column":5}},"loc":{"start":{"line":25,"column":31},"end":{"line":33,"column":5}},"line":25}},"branchMap":{"0":{"loc":{"start":{"line":29,"column":8},"end":{"line":31,"column":9}},"type":"if","locations":[{"start":{"line":29,"column":8},"end":{"line":31,"column":9}},{"start":{},"end":{}}],"line":29},"1":{"loc":{"start":{"line":29,"column":12},"end":{"line":29,"column":33}},"type":"binary-expr","locations":[{"start":{"line":29,"column":12},"end":{"line":29,"column":19}},{"start":{"line":29,"column":23},"end":{"line":29,"column":33}}],"line":29},"2":{"loc":{"start":{"line":32,"column":57},"end":{"line":32,"column":101}},"type":"binary-expr","locations":[{"start":{"line":32,"column":57},"end":{"line":32,"column":65}},{"start":{"line":32,"column":69},"end":{"line":32,"column":101}}],"line":32}},"s":{"0":1,"1":1,"2":1,"3":1,"4":1,"5":1,"6":1,"7":1,"8":1,"9":1,"10":4,"11":2,"12":2,"13":2,"14":2,"15":0,"16":2,"17":1,"18":1},"f":{"0":4,"1":2},"b":{"0":[0,2],"1":[2,2],"2":[2,0]},"_coverageSchema":"1a1c01bbd47fc00a2c39e90264f33305004495a9","hash":"35df9abde753904114679e9bc8788a678bb39dbf"}
,"/Users/alex_cryp/Desktop/Projects/nestjs-iacry/lib/decorators/firewall.ts": {"path":"/Users/alex_cryp/Desktop/Projects/nestjs-iacry/lib/decorators/firewall.ts","statementMap":{"0":{"start":{"line":2,"column":0},"end":{"line":2,"column":62}},"1":{"start":{"line":3,"column":0},"end":{"line":3,"column":28}},"2":{"start":{"line":4,"column":17},"end":{"line":4,"column":42}},"3":{"start":{"line":5,"column":17},"end":{"line":5,"column":36}},"4":{"start":{"line":6,"column":19},"end":{"line":6,"column":40}},"5":{"start":{"line":7,"column":20},"end":{"line":7,"column":42}},"6":{"start":{"line":17,"column":4},"end":{"line":17,"column":201}}},"fnMap":{"0":{"name":"Firewall","decl":{"start":{"line":16,"column":9},"end":{"line":16,"column":17}},"loc":{"start":{"line":16,"column":32},"end":{"line":18,"column":1}},"line":16}},"branchMap":{"0":{"loc":{"start":{"line":16,"column":18},"end":{"line":16,"column":30}},"type":"default-arg","locations":[{"start":{"line":16,"column":28},"end":{"line":16,"column":30}}],"line":16},"1":{"loc":{"start":{"line":17,"column":130},"end":{"line":17,"column":198}},"type":"cond-expr","locations":[{"start":{"line":17,"column":149},"end":{"line":17,"column":193}},{"start":{"line":17,"column":196},"end":{"line":17,"column":198}}],"line":17}},"s":{"0":1,"1":1,"2":1,"3":1,"4":1,"5":1,"6":1},"f":{"0":1},"b":{"0":[0],"1":[1,0]},"_coverageSchema":"1a1c01bbd47fc00a2c39e90264f33305004495a9","hash":"79e2edb6856098830fa18347a89c9c92e560248d"}
,"/Users/alex_cryp/Desktop/Projects/nestjs-iacry/lib/decorators/helper.ts": {"path":"/Users/alex_cryp/Desktop/Projects/nestjs-iacry/lib/decorators/helper.ts","statementMap":{"0":{"start":{"line":2,"column":0},"end":{"line":2,"column":62}},"1":{"start":{"line":3,"column":0},"end":{"line":3,"column":42}},"2":{"start":{"line":4,"column":0},"end":{"line":4,"column":64}},"3":{"start":{"line":5,"column":16},"end":{"line":5,"column":32}},"4":{"start":{"line":6,"column":19},"end":{"line":6,"column":63}},"5":{"start":{"line":7,"column":17},"end":{"line":7,"column":36}},"6":{"start":{"line":8,"column":26},"end":{"line":8,"column":62}},"7":{"start":{"line":9,"column":20},"end":{"line":9,"column":42}},"8":{"start":{"line":12,"column":4},"end":{"line":28,"column":5}},"9":{"start":{"line":14,"column":8},"end":{"line":16,"column":9}},"10":{"start":{"line":15,"column":12},"end":{"line":15,"column":47}},"11":{"start":{"line":18,"column":41},"end":{"line":18,"column":46}},"12":{"start":{"line":19,"column":24},"end":{"line":19,"column":41}},"13":{"start":{"line":20,"column":8},"end":{"line":22,"column":9}},"14":{"start":{"line":21,"column":12},"end":{"line":21,"column":124}},"15":{"start":{"line":23,"column":23},"end":{"line":23,"column":63}},"16":{"start":{"line":24,"column":8},"end":{"line":26,"column":9}},"17":{"start":{"line":25,"column":12},"end":{"line":25,"column":72}},"18":{"start":{"line":27,"column":8},"end":{"line":27,"column":69}},"19":{"start":{"line":29,"column":4},"end":{"line":29,"column":20}},"20":{"start":{"line":32,"column":4},"end":{"line":52,"column":6}},"21":{"start":{"line":33,"column":8},"end":{"line":35,"column":9}},"22":{"start":{"line":34,"column":12},"end":{"line":34,"column":24}},"23":{"start":{"line":36,"column":38},"end":{"line":36,"column":49}},"24":{"start":{"line":37,"column":20},"end":{"line":37,"column":62}},"25":{"start":{"line":38,"column":8},"end":{"line":40,"column":9}},"26":{"start":{"line":39,"column":12},"end":{"line":39,"column":40}},"27":{"start":{"line":41,"column":8},"end":{"line":43,"column":9}},"28":{"start":{"line":42,"column":12},"end":{"line":42,"column":25}},"29":{"start":{"line":46,"column":24},"end":{"line":46,"column":55}},"30":{"start":{"line":47,"column":8},"end":{"line":47,"column":48}},"31":{"start":{"line":48,"column":8},"end":{"line":50,"column":9}},"32":{"start":{"line":49,"column":12},"end":{"line":49,"column":41}},"33":{"start":{"line":51,"column":8},"end":{"line":51,"column":21}}},"fnMap":{"0":{"name":"processTemplate","decl":{"start":{"line":10,"column":9},"end":{"line":10,"column":24}},"loc":{"start":{"line":10,"column":44},"end":{"line":30,"column":1}},"line":10},"1":{"name":"dynamicIdentifierExtractor","decl":{"start":{"line":31,"column":9},"end":{"line":31,"column":35}},"loc":{"start":{"line":31,"column":58},"end":{"line":53,"column":1}},"line":31},"2":{"name":"(anonymous_2)","decl":{"start":{"line":32,"column":11},"end":{"line":32,"column":12}},"loc":{"start":{"line":32,"column":28},"end":{"line":52,"column":5}},"line":32}},"branchMap":{"0":{"loc":{"start":{"line":14,"column":8},"end":{"line":16,"column":9}},"type":"if","locations":[{"start":{"line":14,"column":8},"end":{"line":16,"column":9}},{"start":{},"end":{}}],"line":14},"1":{"loc":{"start":{"line":20,"column":8},"end":{"line":22,"column":9}},"type":"if","locations":[{"start":{"line":20,"column":8},"end":{"line":22,"column":9}},{"start":{},"end":{}}],"line":20},"2":{"loc":{"start":{"line":24,"column":8},"end":{"line":26,"column":9}},"type":"if","locations":[{"start":{"line":24,"column":8},"end":{"line":26,"column":9}},{"start":{},"end":{}}],"line":24},"3":{"loc":{"start":{"line":33,"column":8},"end":{"line":35,"column":9}},"type":"if","locations":[{"start":{"line":33,"column":8},"end":{"line":35,"column":9}},{"start":{},"end":{}}],"line":33},"4":{"loc":{"start":{"line":36,"column":38},"end":{"line":36,"column":49}},"type":"binary-expr","locations":[{"start":{"line":36,"column":38},"end":{"line":36,"column":43}},{"start":{"line":36,"column":47},"end":{"line":36,"column":49}}],"line":36},"5":{"loc":{"start":{"line":38,"column":8},"end":{"line":40,"column":9}},"type":"if","locations":[{"start":{"line":38,"column":8},"end":{"line":40,"column":9}},{"start":{},"end":{}}],"line":38},"6":{"loc":{"start":{"line":41,"column":8},"end":{"line":43,"column":9}},"type":"if","locations":[{"start":{"line":41,"column":8},"end":{"line":43,"column":9}},{"start":{},"end":{}}],"line":41},"7":{"loc":{"start":{"line":41,"column":12},"end":{"line":41,"column":45}},"type":"binary-expr","locations":[{"start":{"line":41,"column":12},"end":{"line":41,"column":16}},{"start":{"line":41,"column":20},"end":{"line":41,"column":45}}],"line":41},"8":{"loc":{"start":{"line":48,"column":8},"end":{"line":50,"column":9}},"type":"if","locations":[{"start":{"line":48,"column":8},"end":{"line":50,"column":9}},{"start":{},"end":{}}],"line":48}},"s":{"0":5,"1":5,"2":5,"3":5,"4":5,"5":5,"6":5,"7":5,"8":17,"9":14,"10":0,"11":14,"12":14,"13":14,"14":2,"15":12,"16":12,"17":0,"18":12,"19":15,"20":12,"21":23,"22":4,"23":19,"24":19,"25":19,"26":6,"27":19,"28":8,"29":11,"30":11,"31":11,"32":1,"33":11},"f":{"0":17,"1":12,"2":23},"b":{"0":[0,14],"1":[2,12],"2":[0,12],"3":[4,19],"4":[19,12],"5":[6,13],"6":[8,11],"7":[19,14],"8":[1,10]},"_coverageSchema":"1a1c01bbd47fc00a2c39e90264f33305004495a9","hash":"273c2521ef74c9f0fc0e51a7317547fdc2e15230"}
,"/Users/alex_cryp/Desktop/Projects/nestjs-iacry/lib/decorators/principal.ts": {"path":"/Users/alex_cryp/Desktop/Projects/nestjs-iacry/lib/decorators/principal.ts","statementMap":{"0":{"start":{"line":2,"column":0},"end":{"line":2,"column":62}},"1":{"start":{"line":3,"column":0},"end":{"line":3,"column":42}},"2":{"start":{"line":4,"column":0},"end":{"line":4,"column":30}},"3":{"start":{"line":5,"column":20},"end":{"line":5,"column":42}},"4":{"start":{"line":6,"column":17},"end":{"line":6,"column":36}},"5":{"start":{"line":7,"column":0},"end":{"line":7,"column":110}},"6":{"start":{"line":14,"column":4},"end":{"line":17,"column":6}},"7":{"start":{"line":15,"column":8},"end":{"line":15,"column":122}},"8":{"start":{"line":16,"column":8},"end":{"line":16,"column":26}}},"fnMap":{"0":{"name":"Principal","decl":{"start":{"line":13,"column":9},"end":{"line":13,"column":18}},"loc":{"start":{"line":13,"column":30},"end":{"line":18,"column":1}},"line":13},"1":{"name":"(anonymous_1)","decl":{"start":{"line":14,"column":11},"end":{"line":14,"column":12}},"loc":{"start":{"line":14,"column":40},"end":{"line":17,"column":5}},"line":14}},"branchMap":{"0":{"loc":{"start":{"line":15,"column":65},"end":{"line":15,"column":102}},"type":"binary-expr","locations":[{"start":{"line":15,"column":65},"end":{"line":15,"column":74}},{"start":{"line":15,"column":78},"end":{"line":15,"column":102}}],"line":15}},"s":{"0":2,"1":2,"2":2,"3":2,"4":2,"5":2,"6":5,"7":5,"8":5},"f":{"0":5,"1":5},"b":{"0":[5,2]},"_coverageSchema":"1a1c01bbd47fc00a2c39e90264f33305004495a9","hash":"50d98d7861fc121f2d08f22c0b0ee6917c94d31f"}
,"/Users/alex_cryp/Desktop/Projects/nestjs-iacry/lib/decorators/resource.ts": {"path":"/Users/alex_cryp/Desktop/Projects/nestjs-iacry/lib/decorators/resource.ts","statementMap":{"0":{"start":{"line":2,"column":0},"end":{"line":2,"column":62}},"1":{"start":{"line":3,"column":0},"end":{"line":3,"column":42}},"2":{"start":{"line":4,"column":0},"end":{"line":4,"column":28}},"3":{"start":{"line":5,"column":20},"end":{"line":5,"column":42}},"4":{"start":{"line":6,"column":17},"end":{"line":6,"column":36}},"5":{"start":{"line":7,"column":0},"end":{"line":7,"column":109}},"6":{"start":{"line":13,"column":4},"end":{"line":16,"column":6}},"7":{"start":{"line":14,"column":8},"end":{"line":14,"column":92}},"8":{"start":{"line":15,"column":8},"end":{"line":15,"column":26}}},"fnMap":{"0":{"name":"Resource","decl":{"start":{"line":12,"column":9},"end":{"line":12,"column":17}},"loc":{"start":{"line":12,"column":28},"end":{"line":17,"column":1}},"line":12},"1":{"name":"(anonymous_1)","decl":{"start":{"line":13,"column":11},"end":{"line":13,"column":12}},"loc":{"start":{"line":13,"column":40},"end":{"line":16,"column":5}},"line":13}},"branchMap":{},"s":{"0":2,"1":2,"2":2,"3":2,"4":2,"5":2,"6":5,"7":5,"8":5},"f":{"0":5,"1":5},"b":{},"_coverageSchema":"1a1c01bbd47fc00a2c39e90264f33305004495a9","hash":"2b2729f7edb1862bd9256bcd9567644da1001520"}
,"/Users/alex_cryp/Desktop/Projects/nestjs-iacry/lib/errors/decorator.error.ts": {"path":"/Users/alex_cryp/Desktop/Projects/nestjs-iacry/lib/errors/decorator.error.ts","statementMap":{"0":{"start":{"line":2,"column":0},"end":{"line":2,"column":62}},"1":{"start":{"line":3,"column":0},"end":{"line":3,"column":32}},"2":{"start":{"line":4,"column":22},"end":{"line":4,"column":46}},"3":{"start":{"line":7,"column":0},"end":{"line":7,"column":40}}},"fnMap":{},"branchMap":{},"s":{"0":16,"1":16,"2":16,"3":16},"f":{},"b":{},"_coverageSchema":"1a1c01bbd47fc00a2c39e90264f33305004495a9","hash":"6dc94b1bfa79c3613c1c76b647208049dea0ec98"}
,"/Users/alex_cryp/Desktop/Projects/nestjs-iacry/lib/errors/iacry.error.ts": {"path":"/Users/alex_cryp/Desktop/Projects/nestjs-iacry/lib/errors/iacry.error.ts","statementMap":{"0":{"start":{"line":2,"column":0},"end":{"line":2,"column":62}},"1":{"start":{"line":3,"column":0},"end":{"line":3,"column":27}},"2":{"start":{"line":6,"column":0},"end":{"line":6,"column":30}}},"fnMap":{},"branchMap":{},"s":{"0":18,"1":18,"2":18},"f":{},"b":{},"_coverageSchema":"1a1c01bbd47fc00a2c39e90264f33305004495a9","hash":"8e454e04fb99c470c7ce2fb7778f67cc7d204efb"}
,"/Users/alex_cryp/Desktop/Projects/nestjs-iacry/lib/errors/missing-policy-props.error.ts": {"path":"/Users/alex_cryp/Desktop/Projects/nestjs-iacry/lib/errors/missing-policy-props.error.ts","statementMap":{"0":{"start":{"line":2,"column":0},"end":{"line":2,"column":62}},"1":{"start":{"line":3,"column":0},"end":{"line":3,"column":36}},"2":{"start":{"line":4,"column":22},"end":{"line":4,"column":46}},"3":{"start":{"line":5,"column":17},"end":{"line":5,"column":48}},"4":{"start":{"line":6,"column":15},"end":{"line":6,"column":41}},"5":{"start":{"line":9,"column":8},"end":{"line":9,"column":117}},"6":{"start":{"line":12,"column":29},"end":{"line":12,"column":31}},"7":{"start":{"line":13,"column":8},"end":{"line":17,"column":9}},"8":{"start":{"line":14,"column":12},"end":{"line":16,"column":13}},"9":{"start":{"line":15,"column":16},"end":{"line":15,"column":40}},"10":{"start":{"line":18,"column":8},"end":{"line":20,"column":9}},"11":{"start":{"line":19,"column":12},"end":{"line":19,"column":49}},"12":{"start":{"line":23,"column":0},"end":{"line":23,"column":48}}},"fnMap":{"0":{"name":"(anonymous_0)","decl":{"start":{"line":8,"column":4},"end":{"line":8,"column":5}},"loc":{"start":{"line":8,"column":34},"end":{"line":10,"column":5}},"line":8},"1":{"name":"(anonymous_1)","decl":{"start":{"line":11,"column":4},"end":{"line":11,"column":5}},"loc":{"start":{"line":11,"column":26},"end":{"line":21,"column":5}},"line":11}},"branchMap":{"0":{"loc":{"start":{"line":14,"column":12},"end":{"line":16,"column":13}},"type":"if","locations":[{"start":{"line":14,"column":12},"end":{"line":16,"column":13}},{"start":{},"end":{}}],"line":14},"1":{"loc":{"start":{"line":18,"column":8},"end":{"line":20,"column":9}},"type":"if","locations":[{"start":{"line":18,"column":8},"end":{"line":20,"column":9}},{"start":{},"end":{}}],"line":18}},"s":{"0":8,"1":8,"2":8,"3":8,"4":8,"5":4,"6":45,"7":45,"8":90,"9":3,"10":45,"11":3,"12":8},"f":{"0":4,"1":45},"b":{"0":[3,87],"1":[3,42]},"_coverageSchema":"1a1c01bbd47fc00a2c39e90264f33305004495a9","hash":"152f2683f1416a86a9738997abd0d7d7a42b3e2f"}
,"/Users/alex_cryp/Desktop/Projects/nestjs-iacry/lib/errors/wrong-policy-prop-format.error.ts": {"path":"/Users/alex_cryp/Desktop/Projects/nestjs-iacry/lib/errors/wrong-policy-prop-format.error.ts","statementMap":{"0":{"start":{"line":2,"column":0},"end":{"line":2,"column":62}},"1":{"start":{"line":3,"column":0},"end":{"line":3,"column":39}},"2":{"start":{"line":4,"column":22},"end":{"line":4,"column":46}},"3":{"start":{"line":5,"column":17},"end":{"line":5,"column":48}},"4":{"start":{"line":6,"column":15},"end":{"line":6,"column":41}},"5":{"start":{"line":9,"column":8},"end":{"line":9,"column":161}},"6":{"start":{"line":12,"column":0},"end":{"line":12,"column":54}}},"fnMap":{"0":{"name":"(anonymous_0)","decl":{"start":{"line":8,"column":4},"end":{"line":8,"column":5}},"loc":{"start":{"line":8,"column":44},"end":{"line":10,"column":5}},"line":8}},"branchMap":{},"s":{"0":11,"1":11,"2":11,"3":11,"4":11,"5":2,"6":11},"f":{"0":2},"b":{},"_coverageSchema":"1a1c01bbd47fc00a2c39e90264f33305004495a9","hash":"858bfbca918c1b6a232ec38220a86a4aa31f74e3"}
,"/Users/alex_cryp/Desktop/Projects/nestjs-iacry/lib/helpers/core.ts": {"path":"/Users/alex_cryp/Desktop/Projects/nestjs-iacry/lib/helpers/core.ts","statementMap":{"0":{"start":{"line":2,"column":0},"end":{"line":2,"column":62}},"1":{"start":{"line":3,"column":0},"end":{"line":3,"column":28}},"2":{"start":{"line":4,"column":17},"end":{"line":4,"column":48}},"3":{"start":{"line":5,"column":17},"end":{"line":5,"column":48}},"4":{"start":{"line":6,"column":41},"end":{"line":6,"column":92}},"5":{"start":{"line":9,"column":8},"end":{"line":11,"column":37}},"6":{"start":{"line":14,"column":8},"end":{"line":14,"column":37}},"7":{"start":{"line":17,"column":8},"end":{"line":17,"column":32}},"8":{"start":{"line":20,"column":8},"end":{"line":23,"column":26}},"9":{"start":{"line":26,"column":34},"end":{"line":26,"column":81}},"10":{"start":{"line":27,"column":27},"end":{"line":30,"column":61}},"11":{"start":{"line":29,"column":24},"end":{"line":29,"column":32}},"12":{"start":{"line":30,"column":25},"end":{"line":30,"column":59}},"13":{"start":{"line":31,"column":8},"end":{"line":40,"column":9}},"14":{"start":{"line":32,"column":12},"end":{"line":32,"column":113}},"15":{"start":{"line":34,"column":13},"end":{"line":40,"column":9}},"16":{"start":{"line":36,"column":12},"end":{"line":39,"column":14}},"17":{"start":{"line":41,"column":33},"end":{"line":41,"column":35}},"18":{"start":{"line":42,"column":8},"end":{"line":46,"column":9}},"19":{"start":{"line":43,"column":35},"end":{"line":43,"column":55}},"20":{"start":{"line":44,"column":30},"end":{"line":44,"column":45}},"21":{"start":{"line":45,"column":12},"end":{"line":45,"column":57}},"22":{"start":{"line":47,"column":8},"end":{"line":47,"column":32}},"23":{"start":{"line":50,"column":8},"end":{"line":52,"column":9}},"24":{"start":{"line":51,"column":12},"end":{"line":51,"column":79}},"25":{"start":{"line":53,"column":8},"end":{"line":53,"column":21}},"26":{"start":{"line":56,"column":8},"end":{"line":60,"column":24}},"27":{"start":{"line":63,"column":0},"end":{"line":63,"column":32}},"28":{"start":{"line":64,"column":0},"end":{"line":64,"column":21}}},"fnMap":{"0":{"name":"(anonymous_0)","decl":{"start":{"line":8,"column":4},"end":{"line":8,"column":5}},"loc":{"start":{"line":8,"column":43},"end":{"line":12,"column":5}},"line":8},"1":{"name":"(anonymous_1)","decl":{"start":{"line":13,"column":4},"end":{"line":13,"column":5}},"loc":{"start":{"line":13,"column":29},"end":{"line":15,"column":5}},"line":13},"2":{"name":"(anonymous_2)","decl":{"start":{"line":16,"column":4},"end":{"line":16,"column":5}},"loc":{"start":{"line":16,"column":23},"end":{"line":18,"column":5}},"line":16},"3":{"name":"(anonymous_3)","decl":{"start":{"line":19,"column":4},"end":{"line":19,"column":5}},"loc":{"start":{"line":19,"column":21},"end":{"line":24,"column":5}},"line":19},"4":{"name":"(anonymous_4)","decl":{"start":{"line":25,"column":4},"end":{"line":25,"column":5}},"loc":{"start":{"line":25,"column":51},"end":{"line":48,"column":5}},"line":25},"5":{"name":"(anonymous_5)","decl":{"start":{"line":29,"column":17},"end":{"line":29,"column":18}},"loc":{"start":{"line":29,"column":24},"end":{"line":29,"column":32}},"line":29},"6":{"name":"(anonymous_6)","decl":{"start":{"line":30,"column":17},"end":{"line":30,"column":18}},"loc":{"start":{"line":30,"column":25},"end":{"line":30,"column":59}},"line":30},"7":{"name":"(anonymous_7)","decl":{"start":{"line":49,"column":4},"end":{"line":49,"column":5}},"loc":{"start":{"line":49,"column":44},"end":{"line":54,"column":5}},"line":49},"8":{"name":"(anonymous_8)","decl":{"start":{"line":55,"column":4},"end":{"line":55,"column":5}},"loc":{"start":{"line":55,"column":40},"end":{"line":61,"column":5}},"line":55}},"branchMap":{"0":{"loc":{"start":{"line":8,"column":26},"end":{"line":8,"column":41}},"type":"default-arg","locations":[{"start":{"line":8,"column":36},"end":{"line":8,"column":41}}],"line":8},"1":{"loc":{"start":{"line":9,"column":15},"end":{"line":11,"column":36}},"type":"cond-expr","locations":[{"start":{"line":10,"column":14},"end":{"line":10,"column":48}},{"start":{"line":11,"column":14},"end":{"line":11,"column":36}}],"line":9},"2":{"loc":{"start":{"line":20,"column":16},"end":{"line":23,"column":24}},"type":"binary-expr","locations":[{"start":{"line":20,"column":16},"end":{"line":20,"column":37}},{"start":{"line":21,"column":12},"end":{"line":22,"column":37}},{"start":{"line":23,"column":12},"end":{"line":23,"column":24}}],"line":20},"3":{"loc":{"start":{"line":30,"column":25},"end":{"line":30,"column":59}},"type":"cond-expr","locations":[{"start":{"line":30,"column":41},"end":{"line":30,"column":55}},{"start":{"line":30,"column":58},"end":{"line":30,"column":59}}],"line":30},"4":{"loc":{"start":{"line":31,"column":8},"end":{"line":40,"column":9}},"type":"if","locations":[{"start":{"line":31,"column":8},"end":{"line":40,"column":9}},{"start":{"line":34,"column":13},"end":{"line":40,"column":9}}],"line":31},"5":{"loc":{"start":{"line":34,"column":13},"end":{"line":40,"column":9}},"type":"if","locations":[{"start":{"line":34,"column":13},"end":{"line":40,"column":9}},{"start":{},"end":{}}],"line":34},"6":{"loc":{"start":{"line":50,"column":8},"end":{"line":52,"column":9}},"type":"if","locations":[{"start":{"line":50,"column":8},"end":{"line":52,"column":9}},{"start":{},"end":{}}],"line":50},"7":{"loc":{"start":{"line":56,"column":15},"end":{"line":60,"column":23}},"type":"cond-expr","locations":[{"start":{"line":57,"column":14},"end":{"line":57,"column":54}},{"start":{"line":58,"column":14},"end":{"line":60,"column":23}}],"line":56},"8":{"loc":{"start":{"line":58,"column":14},"end":{"line":60,"column":23}},"type":"cond-expr","locations":[{"start":{"line":59,"column":19},"end":{"line":59,"column":63}},{"start":{"line":60,"column":18},"end":{"line":60,"column":23}}],"line":58}},"s":{"0":11,"1":11,"2":11,"3":11,"4":11,"5":17,"6":5,"7":251,"8":251,"9":129,"10":129,"11":227,"12":227,"13":129,"14":1,"15":128,"16":32,"17":128,"18":128,"19":256,"20":256,"21":256,"22":128,"23":78,"24":54,"25":24,"26":25,"27":11,"28":11},"f":{"0":17,"1":5,"2":251,"3":251,"4":129,"5":227,"6":227,"7":78,"8":25},"b":{"0":[10],"1":[7,10],"2":[251,107,106],"3":[11,216],"4":[1,128],"5":[32,96],"6":[54,24],"7":[0,25],"8":[9,16]},"_coverageSchema":"1a1c01bbd47fc00a2c39e90264f33305004495a9","hash":"b61deeac883ebc27f06d1d2546d6b2994d769150"}
,"/Users/alex_cryp/Desktop/Projects/nestjs-iacry/lib/interfaces/policy.ts": {"path":"/Users/alex_cryp/Desktop/Projects/nestjs-iacry/lib/interfaces/policy.ts","statementMap":{"0":{"start":{"line":2,"column":0},"end":{"line":2,"column":62}},"1":{"start":{"line":3,"column":0},"end":{"line":3,"column":276}},"2":{"start":{"line":4,"column":0},"end":{"line":4,"column":20}},"3":{"start":{"line":5,"column":0},"end":{"line":5,"column":26}},"4":{"start":{"line":6,"column":0},"end":{"line":6,"column":26}},"5":{"start":{"line":7,"column":0},"end":{"line":7,"column":30}},"6":{"start":{"line":8,"column":0},"end":{"line":8,"column":32}},"7":{"start":{"line":9,"column":0},"end":{"line":9,"column":32}},"8":{"start":{"line":10,"column":0},"end":{"line":10,"column":24}},"9":{"start":{"line":11,"column":0},"end":{"line":11,"column":89}},"10":{"start":{"line":12,"column":0},"end":{"line":16,"column":2}},"11":{"start":{"line":17,"column":0},"end":{"line":17,"column":58}},"12":{"start":{"line":18,"column":0},"end":{"line":18,"column":24}},"13":{"start":{"line":20,"column":0},"end":{"line":23,"column":45}},"14":{"start":{"line":21,"column":4},"end":{"line":21,"column":30}},"15":{"start":{"line":22,"column":4},"end":{"line":22,"column":28}}},"fnMap":{"0":{"name":"(anonymous_0)","decl":{"start":{"line":20,"column":1},"end":{"line":20,"column":2}},"loc":{"start":{"line":20,"column":19},"end":{"line":23,"column":1}},"line":20}},"branchMap":{"0":{"loc":{"start":{"line":23,"column":3},"end":{"line":23,"column":43}},"type":"binary-expr","locations":[{"start":{"line":23,"column":3},"end":{"line":23,"column":9}},{"start":{"line":23,"column":14},"end":{"line":23,"column":42}}],"line":23}},"s":{"0":19,"1":19,"2":19,"3":19,"4":19,"5":19,"6":19,"7":19,"8":19,"9":19,"10":19,"11":19,"12":19,"13":19,"14":19,"15":19},"f":{"0":19},"b":{"0":[19,19]},"_coverageSchema":"1a1c01bbd47fc00a2c39e90264f33305004495a9","hash":"5ab5ae60f273a11ba784df278cca2b55205a6c47"}
,"/Users/alex_cryp/Desktop/Projects/nestjs-iacry/lib/storages/cached.storage.ts": {"path":"/Users/alex_cryp/Desktop/Projects/nestjs-iacry/lib/storages/cached.storage.ts","statementMap":{"0":{"start":{"line":2,"column":0},"end":{"line":2,"column":62}},"1":{"start":{"line":3,"column":0},"end":{"line":3,"column":31}},"2":{"start":{"line":4,"column":22},"end":{"line":4,"column":52}},"3":{"start":{"line":7,"column":8},"end":{"line":7,"column":31}},"4":{"start":{"line":8,"column":8},"end":{"line":8,"column":27}},"5":{"start":{"line":9,"column":8},"end":{"line":9,"column":31}},"6":{"start":{"line":10,"column":8},"end":{"line":10,"column":30}},"7":{"start":{"line":11,"column":8},"end":{"line":14,"column":10}},"8":{"start":{"line":15,"column":8},"end":{"line":17,"column":9}},"9":{"start":{"line":16,"column":12},"end":{"line":16,"column":48}},"10":{"start":{"line":18,"column":8},"end":{"line":20,"column":68}},"11":{"start":{"line":23,"column":20},"end":{"line":23,"column":39}},"12":{"start":{"line":24,"column":8},"end":{"line":26,"column":9}},"13":{"start":{"line":25,"column":12},"end":{"line":25,"column":58}},"14":{"start":{"line":27,"column":25},"end":{"line":27,"column":60}},"15":{"start":{"line":28,"column":8},"end":{"line":30,"column":9}},"16":{"start":{"line":29,"column":12},"end":{"line":29,"column":95}},"17":{"start":{"line":31,"column":8},"end":{"line":31,"column":24}},"18":{"start":{"line":34,"column":8},"end":{"line":34,"column":41}},"19":{"start":{"line":35,"column":8},"end":{"line":35,"column":57}},"20":{"start":{"line":38,"column":8},"end":{"line":38,"column":41}},"21":{"start":{"line":39,"column":8},"end":{"line":39,"column":56}},"22":{"start":{"line":42,"column":8},"end":{"line":42,"column":41}},"23":{"start":{"line":43,"column":8},"end":{"line":43,"column":45}},"24":{"start":{"line":46,"column":20},"end":{"line":46,"column":44}},"25":{"start":{"line":47,"column":8},"end":{"line":49,"column":9}},"26":{"start":{"line":48,"column":12},"end":{"line":48,"column":58}},"27":{"start":{"line":50,"column":25},"end":{"line":50,"column":70}},"28":{"start":{"line":51,"column":8},"end":{"line":53,"column":9}},"29":{"start":{"line":52,"column":12},"end":{"line":52,"column":95}},"30":{"start":{"line":54,"column":8},"end":{"line":54,"column":24}},"31":{"start":{"line":57,"column":8},"end":{"line":60,"column":11}},"32":{"start":{"line":61,"column":8},"end":{"line":61,"column":67}},"33":{"start":{"line":64,"column":20},"end":{"line":64,"column":44}},"34":{"start":{"line":65,"column":8},"end":{"line":69,"column":9}},"35":{"start":{"line":66,"column":12},"end":{"line":68,"column":13}},"36":{"start":{"line":67,"column":16},"end":{"line":67,"column":100}},"37":{"start":{"line":72,"column":8},"end":{"line":72,"column":40}},"38":{"start":{"line":75,"column":8},"end":{"line":75,"column":39}},"39":{"start":{"line":78,"column":20},"end":{"line":78,"column":79}},"40":{"start":{"line":79,"column":8},"end":{"line":79,"column":43}},"41":{"start":{"line":82,"column":0},"end":{"line":82,"column":38}}},"fnMap":{"0":{"name":"(anonymous_0)","decl":{"start":{"line":6,"column":4},"end":{"line":6,"column":5}},"loc":{"start":{"line":6,"column":41},"end":{"line":21,"column":5}},"line":6},"1":{"name":"(anonymous_1)","decl":{"start":{"line":22,"column":4},"end":{"line":22,"column":5}},"loc":{"start":{"line":22,"column":27},"end":{"line":32,"column":5}},"li
[...]
,"/Users/alex_cryp/Desktop/Projects/nestjs-iacry/lib/storages/sequelize.storage.ts": {"path":"/Users/alex_cryp/Desktop/Projects/nestjs-iacry/lib/storages/sequelize.storage.ts","statementMap":{"0":{"start":{"line":2,"column":0},"end":{"line":2,"column":62}},"1":{"start":{"line":3,"column":0},"end":{"line":3,"column":34}},"2":{"start":{"line":6,"column":8},"end":{"line":6,"column":51}},"3":{"start":{"line":7,"column":8},"end":{"line":7,"column":30}},"4":{"start":{"line":10,"column":8},"end":{"line":10,"column":58}},"5":{"start":{"line":13,"column":8},"end":{"line":13,"column":63}},"6":{"start":{"line":16,"column":8},"end":{"line":17,"column":28}},"7":{"start":{"line":20,"column":8},"end":{"line":21,"column":27}},"8":{"start":{"line":24,"column":8},"end":{"line":25,"column":33}},"9":{"start":{"line":28,"column":8},"end":{"line":28,"column":61}},"10":{"start":{"line":31,"column":8},"end":{"line":33,"column":9}},"11":{"start":{"line":32,"column":12},"end":{"line":32,"column":99}},"12":{"start":{"line":34,"column":8},"end":{"line":34,"column":38}},"13":{"start":{"line":37,"column":8},"end":{"line":40,"column":56}},"14":{"start":{"line":43,"column":0},"end":{"line":43,"column":44}}},"fnMap":{"0":{"name":"(anonymous_0)","decl":{"start":{"line":5,"column":4},"end":{"line":5,"column":5}},"loc":{"start":{"line":5,"column":35},"end":{"line":8,"column":5}},"line":5},"1":{"name":"(anonymous_1)","decl":{"start":{"line":9,"column":4},"end":{"line":9,"column":5}},"loc":{"start":{"line":9,"column":27},"end":{"line":11,"column":5}},"line":9},"2":{"name":"(anonymous_2)","decl":{"start":{"line":12,"column":4},"end":{"line":12,"column":5}},"loc":{"start":{"line":12,"column":37},"end":{"line":14,"column":5}},"line":12},"3":{"name":"(anonymous_3)","decl":{"start":{"line":15,"column":4},"end":{"line":15,"column":5}},"loc":{"start":{"line":15,"column":39},"end":{"line":18,"column":5}},"line":15},"4":{"name":"(anonymous_4)","decl":{"start":{"line":19,"column":4},"end":{"line":19,"column":5}},"loc":{"start":{"line":19,"column":38},"end":{"line":22,"column":5}},"line":19},"5":{"name":"(anonymous_5)","decl":{"start":{"line":23,"column":4},"end":{"line":23,"column":5}},"loc":{"start":{"line":23,"column":43},"end":{"line":26,"column":5}},"line":23},"6":{"name":"(anonymous_6)","decl":{"start":{"line":27,"column":4},"end":{"line":27,"column":5}},"loc":{"start":{"line":27,"column":27},"end":{"line":29,"column":5}},"line":27},"7":{"name":"(anonymous_7)","decl":{"start":{"line":30,"column":4},"end":{"line":30,"column":5}},"loc":{"start":{"line":30,"column":21},"end":{"line":35,"column":5}},"line":30},"8":{"name":"(anonymous_8)","decl":{"start":{"line":36,"column":4},"end":{"line":36,"column":5}},"loc":{"start":{"line":36,"column":22},"end":{"line":41,"column":5}},"line":36}},"branchMap":{"0":{"loc":{"start":{"line":31,"column":8},"end":{"line":33,"column":9}},"type":"if","locations":[{"start":{"line":31,"column":8},"end":{"line":33,"column":9}},{"start":{},"end":{}}],"line":31},"1":{"loc":{"start":{"line":37,"column":16},"end":{"line":40,"column":54}},"type":"binary-expr","locations":[{"start":{"line":37,"column":16},"end":{"line":37,"column":39}},{"start":{"line":38,"column":12},"end":{"line":38,"column":51}},{"start":{"line":39,"column":12},"end":{"line":39,"column":57}},{"start":{"line":40,"column":12},"end":{"line":40,"column":54}}],"line":37}},"s":{"0":3,"1":3,"2":0,"3":0,"4":0,"5":0,"6":0,"7":0,"8":0,"9":0,"10":0,"11":0,"12":0,"13":0,"14":3},"f":{"0":0,"1":0,"2":0,"3":0,"4":0,"5":0,"6":0,"7":0,"8":0},"b":{"0":[0,0],"1":[0,0,0,0]},"_coverageSchema":"1a1c01bbd47fc00a2c39e90264f33305004495a9","hash":"367d168322060bf01b0c68d43e3b21b05437ec06"}
,"/Users/alex_cryp/Desktop/Projects/nestjs-iacry/lib/storages/typeorm.storage.ts": {"path":"/Users/alex_cryp/Desktop/Projects/nestjs-iacry/lib/storages/typeorm.storage.ts","statementMap":{"0":{"start":{"line":2,"column":0},"end":{"line":2,"column":62}},"1":{"start":{"line":3,"column":0},"end":{"line":3,"column":32}},"2":{"start":{"line":4,"column":15},"end":{"line":4,"column":41}},"3":{"start":{"line":7,"column":8},"end":{"line":7,"column":51}},"4":{"start":{"line":8,"column":8},"end":{"line":8,"column":30}},"5":{"start":{"line":11,"column":24},"end":{"line":14,"column":10}},"6":{"start":{"line":15,"column":8},"end":{"line":15,"column":52}},"7":{"start":{"line":15,"column":38},"end":{"line":15,"column":50}},"8":{"start":{"line":18,"column":24},"end":{"line":21,"column":10}},"9":{"start":{"line":22,"column":8},"end":{"line":22,"column":52}},"10":{"start":{"line":22,"column":38},"end":{"line":22,"column":50}},"11":{"start":{"line":25,"column":8},"end":{"line":25,"column":49}},"12":{"start":{"line":26,"column":8},"end":{"line":26,"column":59}},"13":{"start":{"line":29,"column":8},"end":{"line":29,"column":60}},"14":{"start":{"line":32,"column":8},"end":{"line":32,"column":54}},"15":{"start":{"line":33,"column":8},"end":{"line":33,"column":59}},"16":{"start":{"line":36,"column":8},"end":{"line":36,"column":50}},"17":{"start":{"line":39,"column":8},"end":{"line":41,"column":9}},"18":{"start":{"line":40,"column":12},"end":{"line":40,"column":93}},"19":{"start":{"line":42,"column":8},"end":{"line":42,"column":38}},"20":{"start":{"line":45,"column":8},"end":{"line":50,"column":44}},"21":{"start":{"line":53,"column":25},"end":{"line":63,"column":10}},"22":{"start":{"line":54,"column":27},"end":{"line":56,"column":27}},"23":{"start":{"line":57,"column":12},"end":{"line":62,"column":15}},"24":{"start":{"line":64,"column":23},"end":{"line":64,"column":59}},"25":{"start":{"line":65,"column":8},"end":{"line":65,"column":29}},"26":{"start":{"line":68,"column":22},"end":{"line":68,"column":24}},"27":{"start":{"line":69,"column":23},"end":{"line":69,"column":69}},"28":{"start":{"line":70,"column":19},"end":{"line":70,"column":61}},"29":{"start":{"line":71,"column":8},"end":{"line":73,"column":9}},"30":{"start":{"line":72,"column":12},"end":{"line":72,"column":34}},"31":{"start":{"line":74,"column":8},"end":{"line":76,"column":9}},"32":{"start":{"line":75,"column":12},"end":{"line":75,"column":26}},"33":{"start":{"line":77,"column":8},"end":{"line":79,"column":9}},"34":{"start":{"line":78,"column":12},"end":{"line":78,"column":28}},"35":{"start":{"line":80,"column":23},"end":{"line":80,"column":95}},"36":{"start":{"line":81,"column":8},"end":{"line":81,"column":36}},"37":{"start":{"line":84,"column":23},"end":{"line":84,"column":69}},"38":{"start":{"line":85,"column":19},"end":{"line":85,"column":61}},"39":{"start":{"line":87,"column":27},"end":{"line":87,"column":29}},"40":{"start":{"line":88,"column":30},"end":{"line":88,"column":32}},"41":{"start":{"line":89,"column":8},"end":{"line":91,"column":9}},"42":{"start":{"line":90,"column":12},"end":{"line":90,"column":36}},"43":{"start":{"line":92,"column":8},"end":{"line":108,"column":9}},"44":{"start":{"line":94,"column":12},"end":{"line":94,"column":62}},"45":{"start":{"line":95,"column":12},"end":{"line":95,"column":74}},"46":{"start":{"line":97,"column":13},"end":{"line":108,"column":9}},"47":{"start":{"line":98,"column":12},"end":{"line":98,"column":58}},"48":{"start":{"line":99,"column":12},"end":{"line":99,"column":74}},"49":{"start":{"line":101,"column":13},"end":{"line":108,"column":9}},"50":{"start":{"line":102,"column":12},"end":{"line":102,"column":54}},"51":{"start":{"line":103,"column":12},"end":{"line":103,"column":74}},"52":{"start":{"line":107,"column":12},"end":{"line":107,"column":43}},"53":{"start":{"line":109,"column":8},"end":{"line":109,"column":26}},"54":{"start":{"line":112,"column":8},"end":{"line":114,"column":9}},"55":{"start":{"line":113,"column":12},"end":{"line":113,"column":24}},"56":{"start":{"line":115,"column":8},"end":{"line":115,"column":79}},"57":{"start":{"line":118,"column":0},"end":{"line":118,"column":40}}},"fnMap":{"0":{"name":"(anonymous_0)","decl":{"start":{"line":6,"column":4},"end":{"line":6,"column":5}},"loc":{"start":{"line":6,"column":35},"end":{"line":9,"column":5}},"line":6},"1":{"name":"(anonymous_1)","decl":{"start":{"line":10,"column":4},"end":{"line":10,"column":5}},"loc":{"start":{"line":10,"column":27},"end":{"line":16,"column":5}},"line":10},"2":{"name":"(anonymous_2)","decl":{"start":{"line":15,"column":27},"end":{"line":15,"column":28}},"loc":{"start":{"line":15,"column":38},"end":{"line":15,"column":50}},"line":15},"3":{"name":"(anonymous_3)","decl":{"start":{"line":17,"column":4},"end":{"line":17,"column":5}},"loc":{"start":{"line":17,"column":37},"end":{"line":23,"column":5}},"line":17},"4":{"name":"(anonymous_4)","decl":{"start":{"line":22,"column":27},"end":{"line":22,"column":28}},"loc":{"start":{"line":22,"column":38},"end":{"line":22,"column":50}},"line":22},"5":{"name":"(anonymous_5)","decl":{"start":{"line":24,"column":4},"end":{"line":24,"column":5}},"loc":{"start":{"line":24,"column":39},"end":{"line":27,"column":5}},"line":24},"6":{"name":"(anonymous_6)","decl":{"start":{"line":28,"column":4},"end":{"line":28,"column":5}},"loc":{"start":{"line":28,"column":39},"end":{"line":30,"column":5}},"line":28},"7":{"name":"(anonymous_7)","decl":{"start":{"line":31,"column":4},"end":{"line":31,"column":5}},"loc":{"start":{"line":31,"column":49},"end":{"line":34,"column":5}},"line":31},"8":{"name":"(anonymous_8)","decl":{"start":{"line":35,"column":4},"end":{"line":35,"column":5}},"loc":{"start":{"line":35,"column":27},"end":{"line":37,"column":5}},"line":35},"9":{"name":"(anonymous_9)","decl":{"start":{"line":38,"column":4},"end":{"line":38,"column":5}},"loc":{"start":{"line":38,"column":21},"end":{"line":43,"column":5}},"line":38},"10":{"name":"(anonymous_10)","decl":{"start":{"line":44,"column":4},"end":{"line":44,"column":5}},"loc":{"start":{"line":44,"column":20},"end":{"line":51,"column":5}},"line":44},"11":{"name":"(anonymous_11)","decl":{"start":{"line":52,"column":4},"end":{"line":52,"column":5}},"loc":{"start":{"line":52,"column":49},"end":{"line":66,"column":5}},"line":52},"12":{"name":"(anonymous_12)","decl":{"start":{"line":53,"column":41},"end":{"line":53,"column":42}},"loc":{"start":{"line":53,"column":56},"end":{"line":63,"column":9}},"line":53},"13":{"name":"(anonymous_13)","decl":{"start":{"line":67,"column":4},"end":{"line":67,"column":5}},"loc":{"start":{"line":67,"column":45},"end":{"line":82,"column":5}},"line":67},"14":{"name":"(anonymous_14)","decl":{"start":{"line":83,"column":4},"end":{"line":83,"column":5}},"loc":{"start":{"line":83,"column":31},"end":{"line":110,"column":5}},"line":83},"15":{"name":"(anonymous_15)","decl":{"start":{"line":111,"column":4},"end":{"line":111,"column":5}},"loc":{"start":{"line":111,"column":35},"end":{"line":116,"column":5}},"line":111}},"branchMap":{"0":{"loc":{"start":{"line":39,"column":8},"end":{"line":41,"column":9}},"type":"if","locations":[{"start":{"line":39,"column":8},"end":{"line":41,"column":9}},{"start":{},"end":{}}],"line":39},"1":{"loc":{"start":{"line":45,"column":16},"end":{"line":50,"column":42}},"type":"binary-expr","locations":[{"start":{"line":45,"column":16},"end":{"line":45,"column":17}},{"start":{"line":46,"column":12},"end":{"line":46,"column":33}},{"start":{"line":47,"column":12},"end":{"line":47,"column":40}},{"start":{"line":48,"column":12},"end":{"line":48,"column":40}},{"start":{"line":49,"column":12},"end":{"line":49,"column":42}},{"start":{"line":50,"column":12},"end":{"line":50,"column":42}}],"line":45},"2":{"loc":{"start":{"line":54,"column":27},"end":{"line":56,"column":27}},"type":"cond-expr","locations":[{"start":{"line":55,"column":18},"end":{"line":55,"column":53}},{"start":{"line":56,"column":18},"end":{"line":56,"column":27}}],"line":54},"3":{"loc":{"start":{"line":58,"column":21},"end":{"line":58,"column":39}},"type":"binary-expr","locations":[{"start":{"line":58,"column":21},"end":{"line":58,"column":31}},{"start":{"line":58,"column":35},"end":{"line":58,"column":39}}],"line":58},"4":{"loc":{"start":{"line":71,"column":8},"end":{"line":73,"column":9}},"type":"if","locations":[{"start":{"line":71,"column":8},"end":{"line":73,"column":9}},{"start":{},"end":{}}],"line":71},"5":{"loc":{"start":{"line":74,"column":8},"end":{"line":76,"column":9}},"type":"if","locations":[{"start":{"line":74,"column":8},"end":{"line":76,"column":9}},{"start":{},"end":{}}],"line":74},"6":{"loc":{"start":{"line":77,"column":8},"end":{"line":79,"column":9}},"type":"if","locations":[{"start":{"line":77,"column":8},"end":{"line":79,"column":9}},{"start":{},"end":{}}],"line":77},"7":{"loc":{"start":{"line":80,"column":52},"end":{"line":80,"column":94}},"type":"cond-expr","locations":[{"start":{"line":80,"column":84},"end":{"line":80,"column":89}},{"start":{"line":80,"column":92},"end":{"line":80,"column":94}}],"line":80},"8":{"loc":{"start":{"line":81,"column":15},"end":{"line":81,"column":35}},"type":"binary-expr","locations":[{"start":{"line":81,"column":15},"end":{"line":81,"column":30}},{"start":{"line":81,"column":34},"end":{"line":81,"column":35}}],"line":81},"9":{"loc":{"start":{"line":89,"column":8},"end":{"line":91,"column":9}},"type":"if","locations":[{"start":{"line":89,"column":8},"end":{"line":91,"column":9}},{"start":{},"end":{}}],"line":89},"10":{"loc":{"start":{"line":92,"column":8},"end":{"line":108,"column":9}},"type":"if","locations":[{"start":{"line":92,"column":8},"end":{"line":108,"column":9}},{"start":{"line":97,"column":13},"end":{"line":108,"column":9}}],"line":92},"11":{"loc":{"start":{"line":92,"column":12},"end":{"line":92,"column":42}},"type":"binary-expr","locations":[{"start":{"line":92,"column":12},"end":{"line":92,"column":27}},{"start":{"line":92,"column":31},"end":{"line":92,"column":42}}],"line":92},"12":{"loc":{"start":{"line":97,"column":13},"end":{"line":108,"column":9}},"type":"if","locations":[{"start":{"line":97,"column":13},"end":{"line":108,"column":9}},{"start":{"line":101,"column":13},"end":{"line":108,"column":9}}],"line":97},"13":{"loc":{"start":{"line":101,"column":13},"end":{"line":108,"column":9}},"type":"if","locations":[{"start":{"line":101,"column":13},"end":{"line":108,"column":9}},{"start":{"line":105,"column":13},"end":{"line":108,"column":9}}],"line":101},"14":{"loc":{"start":{"line":112,"column":8},"end":{"line":114,"column":9}},"type":"if","locations":[{"start":{"line":112,"column":8},"end":{"line":114,"column":9}},{"start":{},"end":{}}],"line":112},"15":{"loc":{"start":{"line":112,"column":12},"end":{"line":112,"column":53}},"type":"binary-expr","locations":[{"start":{"line":112,"column":12},"end":{"line":112,"column":18}},{"start":{"line":112,"column":22},"end":{"line":112,"column":53}}],"line":112},"16":{"loc":{"start":{"line":115,"column":15},"end":{"line":115,"column":78}},"type":"cond-expr","locations":[{"start":{"line":115,"column":43},"end":{"line":115,"column":62}},{"start":{"line":115,"column":65},"end":{"line":115,"column":78}}],"line":115}},"s":{"0":4,"1":4,"2":4,"3":14,"4":14,"5":2,"6":2,"7":2,"8":1,"9":1,"10":0,"11":2,"12":2,"13":3,"14":1,"15":1,"16":2,"17":22,"18":1,"19":21,"20":22,"21":6,"22":7,"23":7,"24":6,"25":6,"26":5,"27":5,"28":5,"29":5,"30":4,"31":5,"32":4,"33":5,"34":1,"35":5,"36":5,"37":3,"38":3,"39":3,"40":3,"41":3,"42":1,"43":3,"44":2,"45":2,"46":1,"47":0,"48":0,"49":1,"50":0,"51":0,"52":1,"53":3,"54":30,"55":4,"56":26,"57":4},"f":{"0":14,"1":2,"2":2,"3":1,"4":0,"5":2,"6":3,"7":1,"8":2,"9":22,"10":22,"11":6,"12":7,"13":5,"14":3,"15":30},"b":{"0":[1,21],"1":[22,22,22,21,21,21],"2":[1,6],"3":[7,4],"4":[4,1],"5":[4,1],"6":[1,4],"7":[4,1],"8":[5,3],"9":[1,2],"10":[2,1],"11":[3,2],"12":[0,1],"13":[0,1],"14":[4,26],"15":[30,30],"16":[26,0]},"_coverageSchema":"1a1c01bbd47fc00a2c39e90264f33305004495a9","hash":"dde6694417814b083e774fdd2d0a5be47a9e111e"}
,"/Users/alex_cryp/Desktop/Projects/nestjs-iacry/lib/storages/cache/cache.error.ts": {"path":"/Users/alex_cryp/Desktop/Projects/nestjs-iacry/lib/storages/cache/cache.error.ts","statementMap":{"0":{"start":{"line":2,"column":0},"end":{"line":2,"column":62}},"1":{"start":{"line":3,"column":0},"end":{"line":3,"column":28}},"2":{"start":{"line":4,"column":22},"end":{"line":4,"column":57}},"3":{"start":{"line":7,"column":0},"end":{"line":7,"column":32}}},"fnMap":{},"branchMap":{},"s":{"0":5,"1":5,"2":5,"3":5},"f":{},"b":{},"_coverageSchema":"1a1c01bbd47fc00a2c39e90264f33305004495a9","hash":"15ddfba2c026b890df124f048badd539ef88e733"}
,"/Users/alex_cryp/Desktop/Projects/nestjs-iacry/lib/storages/cache/ioredis.ts": {"path":"/Users/alex_cryp/Desktop/Projects/nestjs-iacry/lib/storages/cache/ioredis.ts","statementMap":{"0":{"start":{"line":2,"column":0},"end":{"line":2,"column":62}},"1":{"start":{"line":3,"column":0},"end":{"line":3,"column":25}},"2":{"start":{"line":6,"column":8},"end":{"line":6,"column":29}},"3":{"start":{"line":7,"column":8},"end":{"line":7,"column":28}},"4":{"start":{"line":8,"column":8},"end":{"line":8,"column":27}},"5":{"start":{"line":11,"column":8},"end":{"line":13,"column":9}},"6":{"start":{"line":12,"column":12},"end":{"line":12,"column":72}},"7":{"start":{"line":14,"column":8},"end":{"line":14,"column":91}},"8":{"start":{"line":17,"column":8},"end":{"line":17,"column":53}},"9":{"start":{"line":20,"column":8},"end":{"line":20,"column":36}},"10":{"start":{"line":23,"column":8},"end":{"line":23,"column":50}},"11":{"start":{"line":26,"column":0},"end":{"line":26,"column":26}}},"fnMap":{"0":{"name":"(anonymous_0)","decl":{"start":{"line":5,"column":4},"end":{"line":5,"column":5}},"loc":{"start":{"line":5,"column":24},"end":{"line":9,"column":5}},"line":5},"1":{"name":"(anonymous_1)","decl":{"start":{"line":10,"column":4},"end":{"line":10,"column":5}},"loc":{"start":{"line":10,"column":34},"end":{"line":15,"column":5}},"line":10},"2":{"name":"(anonymous_2)","decl":{"start":{"line":16,"column":4},"end":{"line":16,"column":5}},"loc":{"start":{"line":16,"column":19},"end":{"line":18,"column":5}},"line":16},"3":{"name":"(anonymous_3)","decl":{"start":{"line":19,"column":4},"end":{"line":19,"column":5}},"loc":{"start":{"line":19,"column":19},"end":{"line":21,"column":5}},"line":19},"4":{"name":"(anonymous_4)","decl":{"start":{"line":22,"column":4},"end":{"line":22,"column":5}},"loc":{"start":{"line":22,"column":22},"end":{"line":24,"column":5}},"line":22}},"branchMap":{"0":{"loc":{"start":{"line":11,"column":8},"end":{"line":13,"column":9}},"type":"if","locations":[{"start":{"line":11,"column":8},"end":{"line":13,"column":9}},{"start":{},"end":{}}],"line":11}},"s":{"0":3,"1":3,"2":0,"3":0,"4":0,"5":0,"6":0,"7":0,"8":0,"9":0,"10":0,"11":3},"f":{"0":0,"1":0,"2":0,"3":0,"4":0},"b":{"0":[0,0]},"_coverageSchema":"1a1c01bbd47fc00a2c39e90264f33305004495a9","hash":"d1bf3e4b7583ead4f7c894b616126233ee6b99c7"}
}
