TN:
SF:lib/constants.ts
FNF:0
FNH:0
DA:2,3
DA:3,3
DA:4,3
DA:5,3
DA:6,3
DA:7,3
DA:8,3
DA:9,3
DA:10,3
LF:9
LH:9
BRF:0
BRH:0
end_of_record
TN:
SF:lib/firewall.ts
FN:10,(anonymous_0)
FN:15,(anonymous_1)
FN:18,(anonymous_2)
FN:22,(anonymous_3)
FN:26,(anonymous_4)
FN:30,(anonymous_5)
FNF:6
FNH:6
FNDA:20,(anonymous_0)
FNDA:20,(anonymous_1)
FNDA:7,(anonymous_2)
FNDA:3,(anonymous_3)
FNDA:3,(anonymous_4)
FNDA:13,(anonymous_5)
DA:2,4
DA:3,4
DA:4,4
DA:5,4
DA:6,4
DA:7,4
DA:8,4
DA:11,20
DA:12,20
DA:13,20
DA:16,20
DA:19,7
DA:20,7
DA:23,3
DA:24,3
DA:27,3
DA:28,3
DA:31,13
DA:32,13
DA:33,13
DA:34,13
DA:37,4
LF:22
LH:22
BRDA:16,0,0,20
BRDA:16,0,1,6
BRDA:16,1,0,20
BRDA:16,1,1,6
BRDA:20,2,0,7
BRDA:20,2,1,5
BRF:6
BRH:6
end_of_record
TN:
SF:lib/iacry.module.ts
FN:10,(anonymous_0)
FN:21,(anonymous_1)
FN:30,(anonymous_2)
FN:40,(anonymous_3)
FN:50,(anonymous_4)
FNF:5
FNH:5
FNDA:4,(anonymous_0)
FNDA:2,(anonymous_1)
FNDA:2,(anonymous_2)
FNDA:2,(anonymous_3)
FNDA:1,(anonymous_4)
DA:3,1
DA:4,1
DA:5,1
DA:6,1
DA:7,1
DA:8,1
DA:9,1
DA:11,4
DA:15,4
DA:22,2
DA:23,2
DA:31,2
DA:32,2
DA:33,1
DA:38,2
DA:41,2
DA:42,1
DA:48,1
DA:51,1
DA:57,1
DA:58,1
LF:21
LH:21
BRDA:32,0,0,1
BRDA:32,0,1,1
BRDA:41,1,0,1
BRDA:41,1,1,1
BRDA:45,2,0,1
BRDA:45,2,1,1
BRDA:53,3,0,1
BRDA:53,3,1,1
BRF:8
BRH:8
end_of_record
TN:
SF:lib/iacry.service.ts
FN:19,(anonymous_0)
FN:31,(anonymous_1)
FN:47,(anonymous_2)
FNF:3
FNH:3
FNDA:14,(anonymous_0)
FNDA:8,(anonymous_1)
FNDA:14,(anonymous_2)
DA:2,3
DA:3,3
DA:4,3
DA:5,3
DA:6,3
DA:7,3
DA:8,3
DA:9,3
DA:10,3
DA:11,3
DA:12,3
DA:13,3
DA:14,3
DA:15,3
DA:16,3
DA:17,3
DA:18,3
DA:20,14
DA:21,14
DA:22,14
DA:35,8
DA:39,7
DA:41,1
DA:43,7
DA:44,7
DA:45,7
DA:49,14
DA:50,0
DA:52,0
DA:54,0
DA:55,0
DA:57,0
DA:58,0
DA:60,0
DA:62,0
DA:64,0
DA:68,14
DA:69,12
DA:71,14
DA:73,0
DA:75,0
DA:77,0
DA:78,0
DA:80,0
DA:82,0
DA:84,0
DA:86,0
DA:88,14
DA:91,3
DA:92,3
LF:50
LH:33
BRDA:33,0,0,1
BRDA:34,1,0,5
BRDA:35,2,0,5
BRDA:35,2,1,6
BRDA:35,2,2,7
BRDA:35,2,3,1
BRDA:49,3,0,0
BRDA:49,3,1,14
BRDA:50,4,0,0
BRDA:50,4,1,0
BRDA:52,5,0,0
BRDA:52,5,1,0
BRDA:52,5,2,0
BRDA:68,6,0,12
BRDA:68,6,1,2
BRDA:71,7,0,0
BRDA:71,7,1,14
BRDA:73,8,0,0
BRDA:73,8,1,0
BRDA:75,9,0,0
BRDA:75,9,1,0
BRF:21
BRH:10
end_of_record
TN:
SF:lib/matcher.ts
FN:9,(anonymous_0)
FN:13,(anonymous_1)
FN:42,(anonymous_2)
FN:48,(anonymous_3)
FN:52,(anonymous_4)
FN:55,(anonymous_5)
FN:58,(anonymous_6)
FN:61,(anonymous_7)
FNF:8
FNH:8
FNDA:25,(anonymous_0)
FNDA:18,(anonymous_1)
FNDA:99,(anonymous_2)
FNDA:66,(anonymous_3)
FNDA:66,(anonymous_4)
FNDA:132,(anonymous_5)
FNDA:132,(anonymous_6)
FNDA:328,(anonymous_7)
DA:2,5
DA:3,5
DA:4,5
DA:5,5
DA:6,5
DA:7,5
DA:10,25
DA:11,25
DA:14,18
DA:15,18
DA:16,18
DA:17,18
DA:22,18
DA:23,33
DA:24,33
DA:25,33
DA:26,33
DA:27,20
DA:29,12
DA:30,12
DA:33,8
DA:37,13
DA:40,18
DA:44,99
DA:45,34
DA:47,65
DA:48,66
DA:53,66
DA:54,66
DA:55,132
DA:59,132
DA:62,328
DA:63,328
DA:64,328
DA:66,328
DA:69,5
LF:36
LH:36
BRDA:9,0,0,25
BRDA:26,1,0,20
BRDA:26,1,1,13
BRDA:26,2,0,33
BRDA:26,2,1,32
BRDA:26,2,2,21
BRDA:27,3,0,12
BRDA:27,3,1,8
BRDA:27,3,2,8
BRDA:44,4,0,34
BRDA:44,4,1,65
BRDA:59,5,0,132
BRDA:59,5,1,32
BRDA:61,6,0,164
BRDA:63,7,0,328
BRDA:63,7,1,0
BRDA:66,8,0,164
BRDA:66,8,1,164
BRF:18
BRH:17
end_of_record
TN:
SF:lib/policy-vector.ts
FN:6,(anonymous_0)
FN:15,(anonymous_1)
FN:16,(anonymous_2)
FN:18,(anonymous_3)
FNF:4
FNH:4
FNDA:19,(anonymous_0)
FNDA:1,(anonymous_1)
FNDA:3,(anonymous_2)
FNDA:19,(anonymous_3)
DA:2,6
DA:3,6
DA:4,6
DA:7,19
DA:8,19
DA:9,19
DA:13,19
DA:16,3
DA:19,19
DA:20,19
DA:21,36
DA:22,1
DA:25,35
DA:28,19
DA:31,6
LF:15
LH:15
BRDA:21,0,0,1
BRDA:21,0,1,35
BRF:2
BRH:2
end_of_record
TN:
SF:lib/policy.manager.ts
FN:7,(anonymous_0)
FN:11,(anonymous_1)
FN:23,(anonymous_2)
FN:35,(anonymous_3)
FN:46,(anonymous_4)
FN:49,(anonymous_5)
FN:57,(anonymous_6)
FN:60,(anonymous_7)
FN:69,(anonymous_8)
FN:87,(anonymous_9)
FNF:10
FNH:10
FNDA:24,(anonymous_0)
FNDA:1,(anonymous_1)
FNDA:3,(anonymous_2)
FNDA:2,(anonymous_3)
FNDA:2,(anonymous_4)
FNDA:2,(anonymous_5)
FNDA:1,(anonymous_6)
FNDA:1,(anonymous_7)
FNDA:1,(anonymous_8)
FNDA:1,(anonymous_9)
DA:2,4
DA:3,4
DA:4,4
DA:5,4
DA:8,24
DA:9,24
DA:12,1
DA:13,1
DA:24,3
DA:25,3
DA:36,2
DA:37,2
DA:47,2
DA:48,2
DA:49,2
DA:58,1
DA:59,1
DA:60,1
DA:70,1
DA:71,1
DA:91,1
DA:92,1
DA:93,1
DA:100,1
DA:103,4
LF:25
LH:25
BRDA:37,0,0,1
BRDA:37,0,1,1
BRDA:49,1,0,1
BRDA:49,1,1,1
BRDA:60,2,0,0
BRDA:60,2,1,1
BRDA:89,3,0,0
BRDA:90,4,0,1
BRF:8
BRH:6
end_of_record
TN:
SF:lib/policy.ts
FN:13,(anonymous_0)
FN:26,(anonymous_1)
FN:36,(anonymous_2)
FN:40,(anonymous_3)
FN:51,(anonymous_4)
FN:67,(anonymous_5)
FN:83,(anonymous_6)
FN:96,(anonymous_7)
FN:108,(anonymous_8)
FNF:9
FNH:9
FNDA:42,(anonymous_0)
FNDA:101,(anonymous_1)
FNDA:2,(anonymous_2)
FNDA:22,(anonymous_3)
FNDA:1,(anonymous_4)
FNDA:21,(anonymous_5)
FNDA:42,(anonymous_6)
FNDA:2,(anonymous_7)
FNDA:68,(anonymous_8)
DA:2,7
DA:3,7
DA:4,7
DA:5,7
DA:6,7
DA:7,7
DA:8,7
DA:14,42
DA:15,42
DA:16,42
DA:17,2
DA:20,40
DA:22,42
DA:23,42
DA:24,41
DA:27,101
DA:28,101
DA:29,100
DA:31,35
DA:33,65
DA:35,1
DA:36,2
DA:38,0
DA:41,22
DA:42,22
DA:43,22
DA:44,1
DA:47,21
DA:49,22
DA:52,1
DA:53,3
DA:54,0
DA:55,0
DA:56,0
DA:58,0
DA:60,0
DA:62,3
DA:63,3
DA:68,21
DA:69,63
DA:70,1
DA:71,2
DA:72,2
DA:74,2
DA:76,1
DA:78,62
DA:79,35
DA:84,42
DA:85,42
DA:86,126
DA:87,46
DA:89,80
DA:90,1
DA:91,2
DA:92,0
DA:94,2
DA:97,2
DA:101,1
DA:103,79
DA:104,0
DA:106,79
DA:109,68
DA:115,7
LF:63
LH:55
BRDA:16,0,0,2
BRDA:16,0,1,40
BRDA:27,1,0,101
BRDA:27,1,1,0
BRDA:28,2,0,100
BRDA:28,2,1,1
BRDA:29,3,0,35
BRDA:29,3,1,65
BRDA:40,4,0,21
BRDA:43,5,0,1
BRDA:43,5,1,21
BRDA:53,6,0,0
BRDA:53,6,1,3
BRDA:55,7,0,0
BRDA:55,7,1,0
BRDA:62,8,0,3
BRDA:62,8,1,0
BRDA:69,9,0,1
BRDA:69,9,1,62
BRDA:71,10,0,2
BRDA:71,10,1,0
BRDA:78,11,0,35
BRDA:78,11,1,27
BRDA:86,12,0,46
BRDA:86,12,1,80
BRDA:89,13,0,1
BRDA:89,13,1,79
BRDA:91,14,0,0
BRDA:91,14,1,2
BRDA:103,15,0,0
BRDA:103,15,1,79
BRF:31
BRH:23
end_of_record
TN:
SF:lib/decorators/action.ts
FN:9,(anonymous_0)
FN:19,(anonymous_1)
FN:28,Action
FN:29,(anonymous_3)
FNF:4
FNH:4
FNDA:5,(anonymous_0)
FNDA:6,(anonymous_1)
FNDA:6,Action
FNDA:6,(anonymous_3)
DA:2,2
DA:3,2
DA:4,2
DA:5,2
DA:6,2
DA:7,2
DA:8,2
DA:10,5
DA:11,2
DA:13,3
DA:17,3
DA:19,6
DA:29,6
DA:30,6
DA:31,6
LF:15
LH:15
BRDA:10,0,0,2
BRDA:10,0,1,3
BRDA:10,1,0,5
BRDA:10,1,1,4
BRDA:14,2,0,3
BRDA:14,2,1,0
BRDA:30,3,0,6
BRDA:30,3,1,3
BRF:8
BRH:7
end_of_record
TN:
SF:lib/decorators/constants.ts
FNF:0
FNH:0
DA:2,16
DA:3,16
DA:4,16
DA:5,16
DA:6,16
DA:7,16
DA:8,16
DA:9,16
DA:10,16
DA:11,16
DA:12,16
DA:13,16
DA:14,16
LF:13
LH:13
BRF:0
BRH:0
end_of_record
TN:
SF:lib/decorators/entity.ts
FN:10,isEntity
FN:21,toDynamicIdentifier
FN:30,toPlainDynamicIdentifier
FN:41,Entity
FN:42,(anonymous_4)
FN:47,(anonymous_5)
FN:50,(anonymous_6)
FN:55,(anonymous_7)
FNF:8
FNH:7
FNDA:45,isEntity
FNDA:4,toDynamicIdentifier
FNDA:1,toPlainDynamicIdentifier
FNDA:9,Entity
FNDA:9,(anonymous_4)
FNDA:0,(anonymous_5)
FNDA:5,(anonymous_6)
FNDA:4,(anonymous_7)
DA:2,16
DA:3,16
DA:4,16
DA:5,16
DA:6,16
DA:7,16
DA:8,16
DA:9,16
DA:11,45
DA:22,4
DA:23,2
DA:25,2
DA:31,1
DA:32,1
DA:42,9
DA:43,9
DA:44,0
DA:47,9
DA:48,0
DA:50,9
DA:55,9
LF:21
LH:19
BRDA:11,0,0,45
BRDA:11,0,1,43
BRDA:11,0,2,19
BRDA:11,0,3,19
BRDA:11,0,4,19
BRDA:11,0,5,3
BRDA:11,0,6,3
BRDA:11,0,7,3
BRDA:22,1,0,2
BRDA:22,1,1,2
BRDA:43,2,0,0
BRDA:43,2,1,9
BRDA:43,3,0,9
BRDA:43,3,1,5
BRDA:43,3,2,2
BRDA:43,3,3,5
BRDA:50,4,0,1
BRDA:50,4,1,4
BRDA:50,5,0,5
BRDA:50,5,1,4
BRDA:52,6,0,3
BRDA:52,6,1,1
BRDA:52,7,0,4
BRDA:52,7,1,3
BRDA:55,8,0,1
BRDA:55,8,1,3
BRDA:55,9,0,4
BRDA:55,9,1,3
BRF:28
BRH:27
end_of_record
TN:
SF:lib/decorators/firewall.guard.ts
FN:22,(anonymous_0)
FN:25,(anonymous_1)
FNF:2
FNH:2
FNDA:4,(anonymous_0)
FNDA:2,(anonymous_1)
DA:2,1
DA:3,1
DA:4,1
DA:5,1
DA:6,1
DA:7,1
DA:8,1
DA:9,1
DA:10,1
DA:21,1
DA:23,4
DA:26,2
DA:27,2
DA:28,2
DA:29,2
DA:30,0
DA:32,2
DA:35,1
DA:36,1
LF:19
LH:18
BRDA:29,0,0,0
BRDA:29,0,1,2
BRDA:29,1,0,2
BRDA:29,1,1,2
BRDA:32,2,0,2
BRDA:32,2,1,0
BRF:6
BRH:4
end_of_record
TN:
SF:lib/decorators/firewall.ts
FN:16,Firewall
FNF:1
FNH:1
FNDA:1,Firewall
DA:2,1
DA:3,1
DA:4,1
DA:5,1
DA:6,1
DA:7,1
DA:17,1
LF:7
LH:7
BRDA:16,0,0,0
BRDA:17,1,0,1
BRDA:17,1,1,0
BRF:3
BRH:1
end_of_record
TN:
SF:lib/decorators/helper.ts
FN:10,processTemplate
FN:31,dynamicIdentifierExtractor
FN:32,(anonymous_2)
FNF:3
FNH:3
FNDA:17,processTemplate
FNDA:12,dynamicIdentifierExtractor
FNDA:23,(anonymous_2)
DA:2,5
DA:3,5
DA:4,5
DA:5,5
DA:6,5
DA:7,5
DA:8,5
DA:9,5
DA:12,17
DA:14,14
DA:15,0
DA:18,14
DA:19,14
DA:20,14
DA:21,2
DA:23,12
DA:24,12
DA:25,0
DA:27,12
DA:29,15
DA:32,12
DA:33,23
DA:34,4
DA:36,19
DA:37,19
DA:38,19
DA:39,6
DA:41,19
DA:42,8
DA:46,11
DA:47,11
DA:48,11
DA:49,1
DA:51,11
LF:34
LH:32
BRDA:14,0,0,0
BRDA:14,0,1,14
BRDA:20,1,0,2
BRDA:20,1,1,12
BRDA:24,2,0,0
BRDA:24,2,1,12
BRDA:33,3,0,4
BRDA:33,3,1,19
BRDA:36,4,0,19
BRDA:36,4,1,12
BRDA:38,5,0,6
BRDA:38,5,1,13
BRDA:41,6,0,8
BRDA:41,6,1,11
BRDA:41,7,0,19
BRDA:41,7,1,14
BRDA:48,8,0,1
BRDA:48,8,1,10
BRF:18
BRH:16
end_of_record
TN:
SF:lib/decorators/principal.ts
FN:13,Principal
FN:14,(anonymous_1)
FNF:2
FNH:2
FNDA:5,Principal
FNDA:5,(anonymous_1)
DA:2,2
DA:3,2
DA:4,2
DA:5,2
DA:6,2
DA:7,2
DA:14,5
DA:15,5
DA:16,5
LF:9
LH:9
BRDA:15,0,0,5
BRDA:15,0,1,2
BRF:2
BRH:2
end_of_record
TN:
SF:lib/decorators/resource.ts
FN:12,Resource
FN:13,(anonymous_1)
FNF:2
FNH:2
FNDA:5,Resource
FNDA:5,(anonymous_1)
DA:2,2
DA:3,2
DA:4,2
DA:5,2
DA:6,2
DA:7,2
DA:13,5
DA:14,5
DA:15,5
LF:9
LH:9
BRF:0
BRH:0
end_of_record
TN:
SF:lib/errors/decorator.error.ts
FNF:0
FNH:0
DA:2,16
DA:3,16
DA:4,16
DA:7,16
LF:4
LH:4
BRF:0
BRH:0
end_of_record
TN:
SF:lib/errors/iacry.error.ts
FNF:0
FNH:0
DA:2,18
DA:3,18
DA:6,18
LF:3
LH:3
BRF:0
BRH:0
end_of_record
TN:
SF:lib/errors/missing-policy-props.error.ts
FN:8,(anonymous_0)
FN:11,(anonymous_1)
FNF:2
FNH:2
FNDA:4,(anonymous_0)
FNDA:45,(anonymous_1)
DA:2,8
DA:3,8
DA:4,8
DA:5,8
DA:6,8
DA:9,4
DA:12,45
DA:13,45
DA:14,90
DA:15,3
DA:18,45
DA:19,3
DA:23,8
LF:13
LH:13
BRDA:14,0,0,3
BRDA:14,0,1,87
BRDA:18,1,0,3
BRDA:18,1,1,42
BRF:4
BRH:4
end_of_record
TN:
SF:lib/errors/wrong-policy-prop-format.error.ts
FN:8,(anonymous_0)
FNF:1
FNH:1
FNDA:2,(anonymous_0)
DA:2,11
DA:3,11
DA:4,11
DA:5,11
DA:6,11
DA:9,2
DA:12,11
LF:7
LH:7
BRF:0
BRH:0
end_of_record
TN:
SF:lib/helpers/core.ts
FN:8,(anonymous_0)
FN:13,(anonymous_1)
FN:16,(anonymous_2)
FN:19,(anonymous_3)
FN:25,(anonymous_4)
FN:29,(anonymous_5)
FN:30,(anonymous_6)
FN:49,(anonymous_7)
FN:55,(anonymous_8)
FNF:9
FNH:9
FNDA:17,(anonymous_0)
FNDA:5,(anonymous_1)
FNDA:251,(anonymous_2)
FNDA:251,(anonymous_3)
FNDA:129,(anonymous_4)
FNDA:227,(anonymous_5)
FNDA:227,(anonymous_6)
FNDA:78,(anonymous_7)
FNDA:25,(anonymous_8)
DA:2,11
DA:3,11
DA:4,11
DA:5,11
DA:6,11
DA:9,17
DA:14,5
DA:17,251
DA:20,251
DA:26,129
DA:27,129
DA:29,227
DA:30,227
DA:31,129
DA:32,1
DA:34,128
DA:36,32
DA:41,128
DA:42,128
DA:43,256
DA:44,256
DA:45,256
DA:47,128
DA:50,78
DA:51,54
DA:53,24
DA:56,25
DA:63,11
DA:64,11
LF:29
LH:29
BRDA:8,0,0,10
BRDA:9,1,0,7
BRDA:9,1,1,10
BRDA:20,2,0,251
BRDA:20,2,1,107
BRDA:20,2,2,106
BRDA:30,3,0,11
BRDA:30,3,1,216
BRDA:31,4,0,1
BRDA:31,4,1,128
BRDA:34,5,0,32
BRDA:34,5,1,96
BRDA:50,6,0,54
BRDA:50,6,1,24
BRDA:56,7,0,0
BRDA:56,7,1,25
BRDA:58,8,0,9
BRDA:58,8,1,16
BRF:18
BRH:17
end_of_record
TN:
SF:lib/interfaces/policy.ts
FN:20,(anonymous_0)
FNF:1
FNH:1
FNDA:19,(anonymous_0)
DA:2,19
DA:3,19
DA:4,19
DA:5,19
DA:6,19
DA:7,19
DA:8,19
DA:9,19
DA:10,19
DA:11,19
DA:12,19
DA:17,19
DA:18,19
DA:20,19
DA:21,19
DA:22,19
LF:16
LH:16
BRDA:23,0,0,19
BRDA:23,0,1,19
BRF:2
BRH:2
end_of_record
TN:
SF:lib/storages/cached.storage.ts
FN:6,(anonymous_0)
FN:22,(anonymous_1)
FN:33,(anonymous_2)
FN:37,(anonymous_3)
FN:41,(anonymous_4)
FN:45,(anonymous_5)
FN:56,(anonymous_6)
FN:63,(anonymous_7)
FN:71,(anonymous_8)
FN:74,(anonymous_9)
FN:77,(anonymous_10)
FNF:11
FNH:11
FNDA:12,(anonymous_0)
FNDA:5,(anonymous_1)
FNDA:1,(anonymous_2)
FNDA:1,(anonymous_3)
FNDA:1,(anonymous_4)
FNDA:3,(anonymous_5)
FNDA:1,(anonymous_6)
FNDA:5,(anonymous_7)
FNDA:6,(anonymous_8)
FNDA:2,(anonymous_9)
FNDA:13,(anonymous_10)
DA:2,4
DA:3,4
DA:4,4
DA:7,12
DA:8,12
DA:9,12
DA:10,12
DA:11,12
DA:15,12
DA:16,11
DA:18,12
DA:23,5
DA:24,5
DA:25,1
DA:27,4
DA:28,4
DA:29,2
DA:31,2
DA:34,1
DA:35,1
DA:38,1
DA:39,1
DA:42,1
DA:43,1
DA:46,3
DA:47,3
DA:48,1
DA:50,2
DA:51,2
DA:52,0
DA:54,2
DA:57,1
DA:61,1
DA:64,5
DA:65,5
DA:66,5
DA:67,0
DA:72,6
DA:75,2
DA:78,13
DA:79,13
DA:82,4
LF:42
LH:40
BRDA:15,0,0,11
BRDA:15,0,1,1
BRDA:18,1,0,11
BRDA:18,1,1,1
BRDA:24,2,0,1
BRDA:24,2,1,4
BRDA:28,3,0,2
BRDA:28,3,1,2
BRDA:47,4,0,1
BRDA:47,4,1,2
BRDA:51,5,0,0
BRDA:51,5,1,2
BRDA:65,6,0,5
BRDA:65,6,1,0
BRDA:66,7,0,0
BRDA:66,7,1,5
BRDA:79,8,0,4
BRDA:79,8,1,9
BRF:18
BRH:15
end_of_record
TN:
SF:lib/storages/global.storage.ts
FN:6,(anonymous_0)
FN:10,(anonymous_1)
FN:13,(anonymous_2)
FN:16,(anonymous_3)
FN:20,(anonymous_4)
FN:24,(anonymous_5)
FN:29,(anonymous_6)
FN:32,(anonymous_7)
FNF:8
FNH:8
FNDA:30,(anonymous_0)
FNDA:15,(anonymous_1)
FNDA:1,(anonymous_2)
FNDA:7,(anonymous_3)
FNDA:1,(anonymous_4)
FNDA:1,(anonymous_5)
FNDA:2,(anonymous_6)
FNDA:2,(anonymous_7)
DA:2,5
DA:3,5
DA:4,5
DA:7,30
DA:8,30
DA:11,15
DA:14,1
DA:17,7
DA:18,7
DA:21,1
DA:22,1
DA:25,1
DA:26,1
DA:27,1
DA:30,2
DA:33,2
DA:36,5
LF:17
LH:17
BRDA:6,0,0,13
BRF:1
BRH:1
end_of_record
TN:
SF:lib/storages/multiple.storage.ts
FN:5,(anonymous_0)
FN:9,(anonymous_1)
FN:10,(anonymous_2)
FN:11,(anonymous_3)
FN:15,(anonymous_4)
FN:17,(anonymous_5)
FN:18,(anonymous_6)
FN:19,(anonymous_7)
FN:23,(anonymous_8)
FN:25,(anonymous_9)
FN:26,(anonymous_10)
FN:27,(anonymous_11)
FN:31,(anonymous_12)
FN:33,(anonymous_13)
FN:34,(anonymous_14)
FN:35,(anonymous_15)
FN:39,(anonymous_16)
FN:40,(anonymous_17)
FN:41,(anonymous_18)
FN:45,(anonymous_19)
FN:47,(anonymous_20)
FN:48,(anonymous_21)
FN:49,(anonymous_22)
FNF:23
FNH:20
FNDA:22,(anonymous_0)
FNDA:8,(anonymous_1)
FNDA:9,(anonymous_2)
FNDA:1,(anonymous_3)
FNDA:1,(anonymous_4)
FNDA:2,(anonymous_5)
FNDA:1,(anonymous_6)
FNDA:0,(anonymous_7)
FNDA:1,(anonymous_8)
FNDA:2,(anonymous_9)
FNDA:1,(anonymous_10)
FNDA:0,(anonymous_11)
FNDA:2,(anonymous_12)
FNDA:4,(anonymous_13)
FNDA:3,(anonymous_14)
FNDA:1,(anonymous_15)
FNDA:1,(anonymous_16)
FNDA:2,(anonymous_17)
FNDA:1,(anonymous_18)
FNDA:1,(anonymous_19)
FNDA:2,(anonymous_20)
FNDA:1,(anonymous_21)
FNDA:0,(anonymous_22)
DA:2,4
DA:3,4
DA:6,22
DA:7,22
DA:10,9
DA:11,8
DA:12,1
DA:16,1
DA:17,2
DA:18,1
DA:19,1
DA:20,0
DA:24,1
DA:25,2
DA:26,1
DA:27,1
DA:28,0
DA:32,2
DA:33,4
DA:34,3
DA:35,2
DA:36,1
DA:40,2
DA:41,1
DA:42,1
DA:46,1
DA:47,2
DA:48,1
DA:49,1
DA:50,0
DA:54,4
LF:31
LH:28
BRDA:5,0,0,15
BRF:1
BRH:1
end_of_record
TN:
SF:lib/storages/sequelize.storage.ts
FN:5,(anonymous_0)
FN:9,(anonymous_1)
FN:12,(anonymous_2)
FN:15,(anonymous_3)
FN:19,(anonymous_4)
FN:23,(anonymous_5)
FN:27,(anonymous_6)
FN:30,(anonymous_7)
FN:36,(anonymous_8)
FNF:9
FNH:0
FNDA:0,(anonymous_0)
FNDA:0,(anonymous_1)
FNDA:0,(anonymous_2)
FNDA:0,(anonymous_3)
FNDA:0,(anonymous_4)
FNDA:0,(anonymous_5)
FNDA:0,(anonymous_6)
FNDA:0,(anonymous_7)
FNDA:0,(anonymous_8)
DA:2,3
DA:3,3
DA:6,0
DA:7,0
DA:10,0
DA:13,0
DA:16,0
DA:20,0
DA:24,0
DA:28,0
DA:31,0
DA:32,0
DA:34,0
DA:37,0
DA:43,3
LF:15
LH:3
BRDA:31,0,0,0
BRDA:31,0,1,0
BRDA:37,1,0,0
BRDA:37,1,1,0
BRDA:37,1,2,0
BRDA:37,1,3,0
BRF:6
BRH:0
end_of_record
TN:
SF:lib/storages/typeorm.storage.ts
FN:6,(anonymous_0)
FN:10,(anonymous_1)
FN:15,(anonymous_2)
FN:17,(anonymous_3)
FN:22,(anonymous_4)
FN:24,(anonymous_5)
FN:28,(anonymous_6)
FN:31,(anonymous_7)
FN:35,(anonymous_8)
FN:38,(anonymous_9)
FN:44,(anonymous_10)
FN:52,(anonymous_11)
FN:53,(anonymous_12)
FN:67,(anonymous_13)
FN:83,(anonymous_14)
FN:111,(anonymous_15)
FNF:16
FNH:15
FNDA:14,(anonymous_0)
FNDA:2,(anonymous_1)
FNDA:2,(anonymous_2)
FNDA:1,(anonymous_3)
FNDA:0,(anonymous_4)
FNDA:2,(anonymous_5)
FNDA:3,(anonymous_6)
FNDA:1,(anonymous_7)
FNDA:2,(anonymous_8)
FNDA:22,(anonymous_9)
FNDA:22,(anonymous_10)
FNDA:6,(anonymous_11)
FNDA:7,(anonymous_12)
FNDA:5,(anonymous_13)
FNDA:3,(anonymous_14)
FNDA:30,(anonymous_15)
DA:2,4
DA:3,4
DA:4,4
DA:7,14
DA:8,14
DA:11,2
DA:15,2
DA:18,1
DA:22,1
DA:25,2
DA:26,2
DA:29,3
DA:32,1
DA:33,1
DA:36,2
DA:39,22
DA:40,1
DA:42,21
DA:45,22
DA:53,6
DA:54,7
DA:57,7
DA:64,6
DA:65,6
DA:68,5
DA:69,5
DA:70,5
DA:71,5
DA:72,4
DA:74,5
DA:75,4
DA:77,5
DA:78,1
DA:80,5
DA:81,5
DA:84,3
DA:85,3
DA:87,3
DA:88,3
DA:89,3
DA:90,1
DA:92,3
DA:94,2
DA:95,2
DA:97,1
DA:98,0
DA:99,0
DA:101,1
DA:102,0
DA:103,0
DA:107,1
DA:109,3
DA:112,30
DA:113,4
DA:115,26
DA:118,4
LF:56
LH:52
BRDA:39,0,0,1
BRDA:39,0,1,21
BRDA:45,1,0,22
BRDA:45,1,1,22
BRDA:45,1,2,22
BRDA:45,1,3,21
BRDA:45,1,4,21
BRDA:45,1,5,21
BRDA:54,2,0,1
BRDA:54,2,1,6
BRDA:58,3,0,7
BRDA:58,3,1,4
BRDA:71,4,0,4
BRDA:71,4,1,1
BRDA:74,5,0,4
BRDA:74,5,1,1
BRDA:77,6,0,1
BRDA:77,6,1,4
BRDA:80,7,0,4
BRDA:80,7,1,1
BRDA:81,8,0,5
BRDA:81,8,1,3
BRDA:89,9,0,1
BRDA:89,9,1,2
BRDA:92,10,0,2
BRDA:92,10,1,1
BRDA:92,11,0,3
BRDA:92,11,1,2
BRDA:97,12,0,0
BRDA:97,12,1,1
BRDA:101,13,0,0
BRDA:101,13,1,1
BRDA:112,14,0,4
BRDA:112,14,1,26
BRDA:112,15,0,30
BRDA:112,15,1,30
BRDA:115,16,0,26
BRDA:115,16,1,0
BRF:38
BRH:35
end_of_record
TN:
SF:lib/storages/cache/cache.error.ts
FNF:0
FNH:0
DA:2,5
DA:3,5
DA:4,5
DA:7,5
LF:4
LH:4
BRF:0
BRH:0
end_of_record
TN:
SF:lib/storages/cache/ioredis.ts
FN:5,(anonymous_0)
FN:10,(anonymous_1)
FN:16,(anonymous_2)
FN:19,(anonymous_3)
FN:22,(anonymous_4)
FNF:5
FNH:0
FNDA:0,(anonymous_0)
FNDA:0,(anonymous_1)
FNDA:0,(anonymous_2)
FNDA:0,(anonymous_3)
FNDA:0,(anonymous_4)
DA:2,3
DA:3,3
DA:6,0
DA:7,0
DA:8,0
DA:11,0
DA:12,0
DA:14,0
DA:17,0
DA:20,0
DA:23,0
DA:26,3
LF:12
LH:3
BRDA:11,0,0,0
BRDA:11,0,1,0
BRF:2
BRH:0
end_of_record
